[2024-01-06 17:32:15,017][line: 146] ==> creating ./cache/logs/2024-01-06-17-32.log
[2024-01-06 17:32:15,018][line: 41] ==>    Train batch size = 4
[2024-01-06 17:32:15,020][line: 42] ==>    Total steps = 300000
[2024-01-06 17:32:15,021][line: 43] ==>    Training Start!
[2024-01-06 17:35:17,615][line: 70] ==> ====Epoch:[1/100] avg_train_loss=0.15106====
[2024-01-06 17:35:17,619][line: 71] ==> ====Training epoch took: 03:02====
[2024-01-06 17:35:17,622][line: 72] ==> Running Validation...
[2024-01-06 17:35:20,965][line: 77] ==> ====Epoch:[1/100] avg_val_loss=0.03872 avg_val_acc=0.99319====
[2024-01-06 17:35:20,967][line: 78] ==> ====Validation epoch took: 03:05====
[2024-01-06 17:35:20,968][line: 79] ==> 
[2024-01-06 17:38:17,513][line: 70] ==> ====Epoch:[2/100] avg_train_loss=0.09273====
[2024-01-06 17:38:17,517][line: 71] ==> ====Training epoch took: 02:56====
[2024-01-06 17:38:17,518][line: 72] ==> Running Validation...
[2024-01-06 17:38:20,895][line: 77] ==> ====Epoch:[2/100] avg_val_loss=0.02781 avg_val_acc=0.99514====
[2024-01-06 17:38:20,897][line: 78] ==> ====Validation epoch took: 02:59====
[2024-01-06 17:38:20,898][line: 79] ==> 
[2024-01-06 17:41:14,502][line: 70] ==> ====Epoch:[3/100] avg_train_loss=0.08459====
[2024-01-06 17:41:14,505][line: 71] ==> ====Training epoch took: 02:53====
[2024-01-06 17:41:14,507][line: 72] ==> Running Validation...
[2024-01-06 17:41:17,455][line: 77] ==> ====Epoch:[3/100] avg_val_loss=0.02389 avg_val_acc=0.99611====
[2024-01-06 17:41:17,457][line: 78] ==> ====Validation epoch took: 02:56====
[2024-01-06 17:41:17,458][line: 79] ==> 
[2024-01-06 17:44:01,982][line: 70] ==> ====Epoch:[4/100] avg_train_loss=0.09052====
[2024-01-06 17:44:01,985][line: 71] ==> ====Training epoch took: 02:44====
[2024-01-06 17:44:01,987][line: 72] ==> Running Validation...
[2024-01-06 17:44:05,108][line: 77] ==> ====Epoch:[4/100] avg_val_loss=0.03499 avg_val_acc=0.99416====
[2024-01-06 17:44:05,109][line: 78] ==> ====Validation epoch took: 02:47====
[2024-01-06 17:44:05,112][line: 79] ==> 
[2024-01-06 17:46:54,752][line: 70] ==> ====Epoch:[5/100] avg_train_loss=0.07387====
[2024-01-06 17:46:54,755][line: 71] ==> ====Training epoch took: 02:49====
[2024-01-06 17:46:54,756][line: 72] ==> Running Validation...
[2024-01-06 17:46:57,697][line: 77] ==> ====Epoch:[5/100] avg_val_loss=0.01727 avg_val_acc=0.99708====
[2024-01-06 17:46:57,699][line: 78] ==> ====Validation epoch took: 02:52====
[2024-01-06 17:46:57,700][line: 79] ==> 
[2024-01-06 17:49:45,564][line: 70] ==> ====Epoch:[6/100] avg_train_loss=0.07027====
[2024-01-06 17:49:45,568][line: 71] ==> ====Training epoch took: 02:47====
[2024-01-06 17:49:45,569][line: 72] ==> Running Validation...
[2024-01-06 17:49:48,623][line: 77] ==> ====Epoch:[6/100] avg_val_loss=0.07715 avg_val_acc=0.99027====
[2024-01-06 17:49:48,625][line: 78] ==> ====Validation epoch took: 02:50====
[2024-01-06 17:49:48,626][line: 79] ==> 
[2024-01-06 17:52:36,845][line: 70] ==> ====Epoch:[7/100] avg_train_loss=0.07814====
[2024-01-06 17:52:36,849][line: 71] ==> ====Training epoch took: 02:48====
[2024-01-06 17:52:36,851][line: 72] ==> Running Validation...
[2024-01-06 17:52:40,201][line: 77] ==> ====Epoch:[7/100] avg_val_loss=0.02929 avg_val_acc=0.99514====
[2024-01-06 17:52:40,203][line: 78] ==> ====Validation epoch took: 02:51====
[2024-01-06 17:52:40,205][line: 79] ==> 
[2024-01-06 17:55:34,449][line: 70] ==> ====Epoch:[8/100] avg_train_loss=0.06757====
[2024-01-06 17:55:34,452][line: 71] ==> ====Training epoch took: 02:54====
[2024-01-06 17:55:34,453][line: 72] ==> Running Validation...
[2024-01-06 17:55:37,524][line: 77] ==> ====Epoch:[8/100] avg_val_loss=0.03658 avg_val_acc=0.99416====
[2024-01-06 17:55:37,526][line: 78] ==> ====Validation epoch took: 02:57====
[2024-01-06 17:55:37,527][line: 79] ==> 
[2024-01-06 17:58:36,432][line: 70] ==> ====Epoch:[9/100] avg_train_loss=0.08703====
[2024-01-06 17:58:36,435][line: 71] ==> ====Training epoch took: 02:58====
[2024-01-06 17:58:36,436][line: 72] ==> Running Validation...
[2024-01-06 17:58:39,502][line: 77] ==> ====Epoch:[9/100] avg_val_loss=0.02825 avg_val_acc=0.99611====
[2024-01-06 17:58:39,504][line: 78] ==> ====Validation epoch took: 03:01====
[2024-01-06 17:58:39,506][line: 79] ==> 
[2024-01-06 18:01:31,992][line: 70] ==> ====Epoch:[10/100] avg_train_loss=0.10483====
[2024-01-06 18:01:31,995][line: 71] ==> ====Training epoch took: 02:52====
[2024-01-06 18:01:31,996][line: 72] ==> Running Validation...
[2024-01-06 18:01:34,990][line: 77] ==> ====Epoch:[10/100] avg_val_loss=0.06113 avg_val_acc=0.99125====
[2024-01-06 18:01:34,992][line: 78] ==> ====Validation epoch took: 02:55====
[2024-01-06 18:01:34,993][line: 79] ==> 
[2024-01-06 18:04:25,463][line: 70] ==> ====Epoch:[11/100] avg_train_loss=0.07850====
[2024-01-06 18:04:25,466][line: 71] ==> ====Training epoch took: 02:50====
[2024-01-06 18:04:25,467][line: 72] ==> Running Validation...
[2024-01-06 18:04:28,771][line: 77] ==> ====Epoch:[11/100] avg_val_loss=0.05741 avg_val_acc=0.99027====
[2024-01-06 18:04:28,773][line: 78] ==> ====Validation epoch took: 02:53====
[2024-01-06 18:04:28,774][line: 79] ==> 
[2024-01-06 18:07:23,108][line: 70] ==> ====Epoch:[12/100] avg_train_loss=0.07596====
[2024-01-06 18:07:23,111][line: 71] ==> ====Training epoch took: 02:54====
[2024-01-06 18:07:23,112][line: 72] ==> Running Validation...
[2024-01-06 18:07:26,168][line: 77] ==> ====Epoch:[12/100] avg_val_loss=0.04700 avg_val_acc=0.99319====
[2024-01-06 18:07:26,170][line: 78] ==> ====Validation epoch took: 02:57====
[2024-01-06 18:07:26,172][line: 79] ==> 
[2024-01-06 18:10:20,292][line: 70] ==> ====Epoch:[13/100] avg_train_loss=0.08079====
[2024-01-06 18:10:20,295][line: 71] ==> ====Training epoch took: 02:54====
[2024-01-06 18:10:20,297][line: 72] ==> Running Validation...
[2024-01-06 18:10:23,365][line: 77] ==> ====Epoch:[13/100] avg_val_loss=0.04699 avg_val_acc=0.99222====
[2024-01-06 18:10:23,368][line: 78] ==> ====Validation epoch took: 02:57====
[2024-01-06 18:10:23,370][line: 79] ==> 
[2024-01-06 18:13:18,568][line: 70] ==> ====Epoch:[14/100] avg_train_loss=0.09814====
[2024-01-06 18:13:18,572][line: 71] ==> ====Training epoch took: 02:55====
[2024-01-06 18:13:18,573][line: 72] ==> Running Validation...
[2024-01-06 18:13:21,770][line: 77] ==> ====Epoch:[14/100] avg_val_loss=0.07004 avg_val_acc=0.99027====
[2024-01-06 18:13:21,773][line: 78] ==> ====Validation epoch took: 02:58====
[2024-01-06 18:13:21,774][line: 79] ==> 
[2024-01-06 18:16:11,715][line: 70] ==> ====Epoch:[15/100] avg_train_loss=0.11934====
[2024-01-06 18:16:11,718][line: 71] ==> ====Training epoch took: 02:49====
[2024-01-06 18:16:11,720][line: 72] ==> Running Validation...
[2024-01-06 18:16:14,637][line: 77] ==> ====Epoch:[15/100] avg_val_loss=0.06491 avg_val_acc=0.98930====
[2024-01-06 18:16:14,638][line: 78] ==> ====Validation epoch took: 02:52====
[2024-01-06 18:16:14,640][line: 79] ==> 
[2024-01-06 18:19:08,263][line: 70] ==> ====Epoch:[16/100] avg_train_loss=0.10674====
[2024-01-06 18:19:08,266][line: 71] ==> ====Training epoch took: 02:53====
[2024-01-06 18:19:08,268][line: 72] ==> Running Validation...
[2024-01-06 18:19:11,486][line: 77] ==> ====Epoch:[16/100] avg_val_loss=0.08456 avg_val_acc=0.98735====
[2024-01-06 18:19:11,488][line: 78] ==> ====Validation epoch took: 02:56====
[2024-01-06 18:19:11,489][line: 79] ==> 
[2024-01-06 18:22:09,656][line: 70] ==> ====Epoch:[17/100] avg_train_loss=0.10688====
[2024-01-06 18:22:09,659][line: 71] ==> ====Training epoch took: 02:58====
[2024-01-06 18:22:09,660][line: 72] ==> Running Validation...
[2024-01-06 18:22:13,037][line: 77] ==> ====Epoch:[17/100] avg_val_loss=0.08998 avg_val_acc=0.98638====
[2024-01-06 18:22:13,038][line: 78] ==> ====Validation epoch took: 03:01====
[2024-01-06 18:22:13,038][line: 79] ==> 
[2024-01-06 18:25:08,875][line: 70] ==> ====Epoch:[18/100] avg_train_loss=0.12771====
[2024-01-06 18:25:08,879][line: 71] ==> ====Training epoch took: 02:55====
[2024-01-06 18:25:08,880][line: 72] ==> Running Validation...
[2024-01-06 18:25:12,099][line: 77] ==> ====Epoch:[18/100] avg_val_loss=0.41705 avg_val_acc=0.91732====
[2024-01-06 18:25:12,101][line: 78] ==> ====Validation epoch took: 02:59====
[2024-01-06 18:25:12,102][line: 79] ==> 
[2024-01-06 18:28:06,884][line: 70] ==> ====Epoch:[19/100] avg_train_loss=0.45336====
[2024-01-06 18:28:06,886][line: 71] ==> ====Training epoch took: 02:54====
[2024-01-06 18:28:06,887][line: 72] ==> Running Validation...
[2024-01-06 18:28:10,169][line: 77] ==> ====Epoch:[19/100] avg_val_loss=0.44290 avg_val_acc=0.90370====
[2024-01-06 18:28:10,170][line: 78] ==> ====Validation epoch took: 02:58====
[2024-01-06 18:28:10,172][line: 79] ==> 
[2024-01-06 18:31:07,004][line: 70] ==> ====Epoch:[20/100] avg_train_loss=0.40463====
[2024-01-06 18:31:07,008][line: 71] ==> ====Training epoch took: 02:56====
[2024-01-06 18:31:07,009][line: 72] ==> Running Validation...
[2024-01-06 18:31:10,209][line: 77] ==> ====Epoch:[20/100] avg_val_loss=0.10024 avg_val_acc=0.98444====
[2024-01-06 18:31:10,211][line: 78] ==> ====Validation epoch took: 03:00====
[2024-01-06 18:31:10,213][line: 79] ==> 
[2024-01-06 18:34:02,587][line: 70] ==> ====Epoch:[21/100] avg_train_loss=0.10413====
[2024-01-06 18:34:02,591][line: 71] ==> ====Training epoch took: 02:52====
[2024-01-06 18:34:02,592][line: 72] ==> Running Validation...
[2024-01-06 18:34:05,506][line: 77] ==> ====Epoch:[21/100] avg_val_loss=0.08832 avg_val_acc=0.98541====
[2024-01-06 18:34:05,508][line: 78] ==> ====Validation epoch took: 02:55====
[2024-01-06 18:34:05,509][line: 79] ==> 
[2024-01-06 18:36:57,842][line: 70] ==> ====Epoch:[22/100] avg_train_loss=0.10100====
[2024-01-06 18:36:57,845][line: 71] ==> ====Training epoch took: 02:52====
[2024-01-06 18:36:57,847][line: 72] ==> Running Validation...
[2024-01-06 18:37:01,044][line: 77] ==> ====Epoch:[22/100] avg_val_loss=0.05962 avg_val_acc=0.99125====
[2024-01-06 18:37:01,046][line: 78] ==> ====Validation epoch took: 02:55====
[2024-01-06 18:37:01,048][line: 79] ==> 
[2024-01-06 18:39:55,510][line: 70] ==> ====Epoch:[23/100] avg_train_loss=0.34477====
[2024-01-06 18:39:55,514][line: 71] ==> ====Training epoch took: 02:54====
[2024-01-06 18:39:55,515][line: 72] ==> Running Validation...
[2024-01-06 18:39:58,581][line: 77] ==> ====Epoch:[23/100] avg_val_loss=0.46161 avg_val_acc=0.89981====
[2024-01-06 18:39:58,582][line: 78] ==> ====Validation epoch took: 02:57====
[2024-01-06 18:39:58,583][line: 79] ==> 
[2024-01-06 18:42:52,334][line: 70] ==> ====Epoch:[24/100] avg_train_loss=0.47020====
[2024-01-06 18:42:52,337][line: 71] ==> ====Training epoch took: 02:53====
[2024-01-06 18:42:52,339][line: 72] ==> Running Validation...
[2024-01-06 18:42:55,321][line: 77] ==> ====Epoch:[24/100] avg_val_loss=0.44997 avg_val_acc=0.89981====
[2024-01-06 18:42:55,323][line: 78] ==> ====Validation epoch took: 02:56====
[2024-01-06 18:42:55,324][line: 79] ==> 
[2024-01-06 18:45:50,710][line: 70] ==> ====Epoch:[25/100] avg_train_loss=0.46871====
[2024-01-06 18:45:50,713][line: 71] ==> ====Training epoch took: 02:55====
[2024-01-06 18:45:50,715][line: 72] ==> Running Validation...
[2024-01-06 18:45:53,838][line: 77] ==> ====Epoch:[25/100] avg_val_loss=0.45565 avg_val_acc=0.89981====
[2024-01-06 18:45:53,840][line: 78] ==> ====Validation epoch took: 02:58====
[2024-01-06 18:45:53,842][line: 79] ==> 
[2024-01-06 18:48:51,319][line: 70] ==> ====Epoch:[26/100] avg_train_loss=0.46952====
[2024-01-06 18:48:51,322][line: 71] ==> ====Training epoch took: 02:57====
[2024-01-06 18:48:51,324][line: 72] ==> Running Validation...
[2024-01-06 18:48:54,441][line: 77] ==> ====Epoch:[26/100] avg_val_loss=0.44553 avg_val_acc=0.89981====
[2024-01-06 18:48:54,443][line: 78] ==> ====Validation epoch took: 03:00====
[2024-01-06 18:48:54,444][line: 79] ==> 
[2024-01-06 18:51:50,682][line: 70] ==> ====Epoch:[27/100] avg_train_loss=0.46944====
[2024-01-06 18:51:50,685][line: 71] ==> ====Training epoch took: 02:56====
[2024-01-06 18:51:50,686][line: 72] ==> Running Validation...
[2024-01-06 18:51:53,713][line: 77] ==> ====Epoch:[27/100] avg_val_loss=0.45296 avg_val_acc=0.89981====
[2024-01-06 18:51:53,715][line: 78] ==> ====Validation epoch took: 02:59====
[2024-01-06 18:51:53,716][line: 79] ==> 
[2024-01-06 18:54:43,750][line: 70] ==> ====Epoch:[28/100] avg_train_loss=0.46876====
[2024-01-06 18:54:43,753][line: 71] ==> ====Training epoch took: 02:50====
[2024-01-06 18:54:43,754][line: 72] ==> Running Validation...
[2024-01-06 18:54:47,017][line: 77] ==> ====Epoch:[28/100] avg_val_loss=0.44567 avg_val_acc=0.89981====
[2024-01-06 18:54:47,019][line: 78] ==> ====Validation epoch took: 02:53====
[2024-01-06 18:54:47,020][line: 79] ==> 
[2024-01-06 18:57:44,129][line: 70] ==> ====Epoch:[29/100] avg_train_loss=0.47007====
[2024-01-06 18:57:44,132][line: 71] ==> ====Training epoch took: 02:57====
[2024-01-06 18:57:44,134][line: 72] ==> Running Validation...
[2024-01-06 18:57:47,355][line: 77] ==> ====Epoch:[29/100] avg_val_loss=0.44493 avg_val_acc=0.89981====
[2024-01-06 18:57:47,358][line: 78] ==> ====Validation epoch took: 03:00====
[2024-01-06 18:57:47,359][line: 79] ==> 
[2024-01-06 19:00:44,774][line: 70] ==> ====Epoch:[30/100] avg_train_loss=0.46930====
[2024-01-06 19:00:44,777][line: 71] ==> ====Training epoch took: 02:57====
[2024-01-06 19:00:44,779][line: 72] ==> Running Validation...
[2024-01-06 19:00:47,934][line: 77] ==> ====Epoch:[30/100] avg_val_loss=0.44092 avg_val_acc=0.89981====
[2024-01-06 19:00:47,936][line: 78] ==> ====Validation epoch took: 03:00====
[2024-01-06 19:00:47,938][line: 79] ==> 
[2024-01-06 19:03:46,422][line: 70] ==> ====Epoch:[31/100] avg_train_loss=0.46785====
[2024-01-06 19:03:46,424][line: 71] ==> ====Training epoch took: 02:58====
[2024-01-06 19:03:46,425][line: 72] ==> Running Validation...
[2024-01-06 19:03:49,704][line: 77] ==> ====Epoch:[31/100] avg_val_loss=0.44145 avg_val_acc=0.89981====
[2024-01-06 19:03:49,706][line: 78] ==> ====Validation epoch took: 03:01====
[2024-01-06 19:03:49,708][line: 79] ==> 
[2024-01-06 19:06:48,586][line: 70] ==> ====Epoch:[32/100] avg_train_loss=0.47054====
[2024-01-06 19:06:48,590][line: 71] ==> ====Training epoch took: 02:58====
[2024-01-06 19:06:48,592][line: 72] ==> Running Validation...
[2024-01-06 19:06:51,724][line: 77] ==> ====Epoch:[32/100] avg_val_loss=0.44267 avg_val_acc=0.89981====
[2024-01-06 19:06:51,725][line: 78] ==> ====Validation epoch took: 03:02====
[2024-01-06 19:06:51,727][line: 79] ==> 
[2024-01-06 19:09:49,119][line: 70] ==> ====Epoch:[33/100] avg_train_loss=0.46964====
[2024-01-06 19:09:49,122][line: 71] ==> ====Training epoch took: 02:57====
[2024-01-06 19:09:49,124][line: 72] ==> Running Validation...
[2024-01-06 19:09:52,387][line: 77] ==> ====Epoch:[33/100] avg_val_loss=0.44010 avg_val_acc=0.89981====
[2024-01-06 19:09:52,389][line: 78] ==> ====Validation epoch took: 03:00====
[2024-01-06 19:09:52,391][line: 79] ==> 
[2024-01-06 19:12:42,391][line: 70] ==> ====Epoch:[34/100] avg_train_loss=0.47004====
[2024-01-06 19:12:42,394][line: 71] ==> ====Training epoch took: 02:49====
[2024-01-06 19:12:42,395][line: 72] ==> Running Validation...
[2024-01-06 19:12:45,716][line: 77] ==> ====Epoch:[34/100] avg_val_loss=0.43952 avg_val_acc=0.89981====
[2024-01-06 19:12:45,719][line: 78] ==> ====Validation epoch took: 02:53====
[2024-01-06 19:12:45,720][line: 79] ==> 
[2024-01-06 19:15:44,470][line: 70] ==> ====Epoch:[35/100] avg_train_loss=0.46950====
[2024-01-06 19:15:44,472][line: 71] ==> ====Training epoch took: 02:58====
[2024-01-06 19:15:44,474][line: 72] ==> Running Validation...
[2024-01-06 19:15:47,688][line: 77] ==> ====Epoch:[35/100] avg_val_loss=0.44089 avg_val_acc=0.89981====
[2024-01-06 19:15:47,689][line: 78] ==> ====Validation epoch took: 03:01====
[2024-01-06 19:15:47,691][line: 79] ==> 
[2024-01-06 19:18:46,404][line: 70] ==> ====Epoch:[36/100] avg_train_loss=0.46966====
[2024-01-06 19:18:46,408][line: 71] ==> ====Training epoch took: 02:58====
[2024-01-06 19:18:46,410][line: 72] ==> Running Validation...
[2024-01-06 19:18:49,722][line: 77] ==> ====Epoch:[36/100] avg_val_loss=0.43959 avg_val_acc=0.89981====
[2024-01-06 19:18:49,724][line: 78] ==> ====Validation epoch took: 03:02====
[2024-01-06 19:18:49,726][line: 79] ==> 
[2024-01-06 19:21:47,802][line: 70] ==> ====Epoch:[37/100] avg_train_loss=0.46770====
[2024-01-06 19:21:47,806][line: 71] ==> ====Training epoch took: 02:58====
[2024-01-06 19:21:47,808][line: 72] ==> Running Validation...
[2024-01-06 19:21:51,069][line: 77] ==> ====Epoch:[37/100] avg_val_loss=0.43930 avg_val_acc=0.89981====
[2024-01-06 19:21:51,072][line: 78] ==> ====Validation epoch took: 03:01====
[2024-01-06 19:21:51,074][line: 79] ==> 
[2024-01-06 19:24:49,279][line: 70] ==> ====Epoch:[38/100] avg_train_loss=0.46871====
[2024-01-06 19:24:49,282][line: 71] ==> ====Training epoch took: 02:58====
[2024-01-06 19:24:49,283][line: 72] ==> Running Validation...
[2024-01-06 19:24:52,380][line: 77] ==> ====Epoch:[38/100] avg_val_loss=0.44076 avg_val_acc=0.89981====
[2024-01-06 19:24:52,382][line: 78] ==> ====Validation epoch took: 03:01====
[2024-01-06 19:24:52,383][line: 79] ==> 
[2024-01-06 19:27:51,527][line: 70] ==> ====Epoch:[39/100] avg_train_loss=0.46900====
[2024-01-06 19:27:51,530][line: 71] ==> ====Training epoch took: 02:59====
[2024-01-06 19:27:51,532][line: 72] ==> Running Validation...
[2024-01-06 19:27:54,984][line: 77] ==> ====Epoch:[39/100] avg_val_loss=0.43963 avg_val_acc=0.89981====
[2024-01-06 19:27:54,986][line: 78] ==> ====Validation epoch took: 03:02====
[2024-01-06 19:27:54,988][line: 79] ==> 
[2024-01-06 19:30:48,619][line: 70] ==> ====Epoch:[40/100] avg_train_loss=0.46887====
[2024-01-06 19:30:48,623][line: 71] ==> ====Training epoch took: 02:53====
[2024-01-06 19:30:48,624][line: 72] ==> Running Validation...
[2024-01-06 19:30:51,556][line: 77] ==> ====Epoch:[40/100] avg_val_loss=0.43933 avg_val_acc=0.89981====
[2024-01-06 19:30:51,557][line: 78] ==> ====Validation epoch took: 02:56====
[2024-01-06 19:30:51,559][line: 79] ==> 
[2024-01-06 19:33:47,933][line: 70] ==> ====Epoch:[41/100] avg_train_loss=0.46915====
[2024-01-06 19:33:47,935][line: 71] ==> ====Training epoch took: 02:56====
[2024-01-06 19:33:47,936][line: 72] ==> Running Validation...
[2024-01-06 19:33:51,121][line: 77] ==> ====Epoch:[41/100] avg_val_loss=0.43748 avg_val_acc=0.89981====
[2024-01-06 19:33:51,123][line: 78] ==> ====Validation epoch took: 02:59====
[2024-01-06 19:33:51,124][line: 79] ==> 
[2024-01-06 19:36:48,274][line: 70] ==> ====Epoch:[42/100] avg_train_loss=0.46909====
[2024-01-06 19:36:48,277][line: 71] ==> ====Training epoch took: 02:57====
[2024-01-06 19:36:48,279][line: 72] ==> Running Validation...
[2024-01-06 19:36:51,519][line: 77] ==> ====Epoch:[42/100] avg_val_loss=0.43993 avg_val_acc=0.89981====
[2024-01-06 19:36:51,520][line: 78] ==> ====Validation epoch took: 03:00====
[2024-01-06 19:36:51,522][line: 79] ==> 
[2024-01-06 19:39:47,099][line: 70] ==> ====Epoch:[43/100] avg_train_loss=0.46792====
[2024-01-06 19:39:47,102][line: 71] ==> ====Training epoch took: 02:55====
[2024-01-06 19:39:47,103][line: 72] ==> Running Validation...
[2024-01-06 19:39:50,074][line: 77] ==> ====Epoch:[43/100] avg_val_loss=0.43818 avg_val_acc=0.89981====
[2024-01-06 19:39:50,076][line: 78] ==> ====Validation epoch took: 02:58====
[2024-01-06 19:39:50,078][line: 79] ==> 
[2024-01-06 19:42:46,834][line: 70] ==> ====Epoch:[44/100] avg_train_loss=0.46865====
[2024-01-06 19:42:46,837][line: 71] ==> ====Training epoch took: 02:56====
[2024-01-06 19:42:46,838][line: 72] ==> Running Validation...
[2024-01-06 19:42:50,155][line: 77] ==> ====Epoch:[44/100] avg_val_loss=0.43817 avg_val_acc=0.89981====
[2024-01-06 19:42:50,157][line: 78] ==> ====Validation epoch took: 03:00====
[2024-01-06 19:42:50,159][line: 79] ==> 
[2024-01-06 19:45:46,235][line: 70] ==> ====Epoch:[45/100] avg_train_loss=0.46788====
[2024-01-06 19:45:46,238][line: 71] ==> ====Training epoch took: 02:56====
[2024-01-06 19:45:46,240][line: 72] ==> Running Validation...
[2024-01-06 19:45:49,436][line: 77] ==> ====Epoch:[45/100] avg_val_loss=0.43865 avg_val_acc=0.89981====
[2024-01-06 19:45:49,438][line: 78] ==> ====Validation epoch took: 02:59====
[2024-01-06 19:45:49,439][line: 79] ==> 
[2024-01-06 19:48:43,626][line: 70] ==> ====Epoch:[46/100] avg_train_loss=0.46923====
[2024-01-06 19:48:43,629][line: 71] ==> ====Training epoch took: 02:54====
[2024-01-06 19:48:43,631][line: 72] ==> Running Validation...
[2024-01-06 19:48:46,590][line: 77] ==> ====Epoch:[46/100] avg_val_loss=0.43855 avg_val_acc=0.89981====
[2024-01-06 19:48:46,592][line: 78] ==> ====Validation epoch took: 02:57====
[2024-01-06 19:48:46,594][line: 79] ==> 
[2024-01-06 19:51:42,701][line: 70] ==> ====Epoch:[47/100] avg_train_loss=0.46766====
[2024-01-06 19:51:42,704][line: 71] ==> ====Training epoch took: 02:56====
[2024-01-06 19:51:42,705][line: 72] ==> Running Validation...
[2024-01-06 19:51:45,736][line: 77] ==> ====Epoch:[47/100] avg_val_loss=0.43782 avg_val_acc=0.89981====
[2024-01-06 19:51:45,737][line: 78] ==> ====Validation epoch took: 02:59====
[2024-01-06 19:51:45,738][line: 79] ==> 
[2024-01-06 19:54:43,156][line: 70] ==> ====Epoch:[48/100] avg_train_loss=0.46848====
[2024-01-06 19:54:43,159][line: 71] ==> ====Training epoch took: 02:57====
[2024-01-06 19:54:43,161][line: 72] ==> Running Validation...
[2024-01-06 19:54:46,372][line: 77] ==> ====Epoch:[48/100] avg_val_loss=0.43850 avg_val_acc=0.89981====
[2024-01-06 19:54:46,374][line: 78] ==> ====Validation epoch took: 03:00====
[2024-01-06 19:54:46,376][line: 79] ==> 
[2024-01-06 19:57:44,131][line: 70] ==> ====Epoch:[49/100] avg_train_loss=0.46859====
[2024-01-06 19:57:44,134][line: 71] ==> ====Training epoch took: 02:57====
[2024-01-06 19:57:44,136][line: 72] ==> Running Validation...
[2024-01-06 19:57:47,288][line: 77] ==> ====Epoch:[49/100] avg_val_loss=0.43769 avg_val_acc=0.89981====
[2024-01-06 19:57:47,290][line: 78] ==> ====Validation epoch took: 03:00====
[2024-01-06 19:57:47,292][line: 79] ==> 
[2024-01-06 20:00:45,382][line: 70] ==> ====Epoch:[50/100] avg_train_loss=0.46826====
[2024-01-06 20:00:45,385][line: 71] ==> ====Training epoch took: 02:58====
[2024-01-06 20:00:45,387][line: 72] ==> Running Validation...
[2024-01-06 20:00:48,300][line: 77] ==> ====Epoch:[50/100] avg_val_loss=0.43658 avg_val_acc=0.89981====
[2024-01-06 20:00:48,302][line: 78] ==> ====Validation epoch took: 03:01====
[2024-01-06 20:00:48,303][line: 79] ==> 
[2024-01-06 20:03:45,083][line: 70] ==> ====Epoch:[51/100] avg_train_loss=0.46855====
[2024-01-06 20:03:45,086][line: 71] ==> ====Training epoch took: 02:56====
[2024-01-06 20:03:45,087][line: 72] ==> Running Validation...
[2024-01-06 20:03:48,388][line: 77] ==> ====Epoch:[51/100] avg_val_loss=0.43751 avg_val_acc=0.89981====
[2024-01-06 20:03:48,389][line: 78] ==> ====Validation epoch took: 03:00====
[2024-01-06 20:03:48,391][line: 79] ==> 
[2024-01-06 20:06:43,888][line: 70] ==> ====Epoch:[52/100] avg_train_loss=0.46670====
[2024-01-06 20:06:43,891][line: 71] ==> ====Training epoch took: 02:55====
[2024-01-06 20:06:43,892][line: 72] ==> Running Validation...
[2024-01-06 20:06:46,798][line: 77] ==> ====Epoch:[52/100] avg_val_loss=0.43652 avg_val_acc=0.89981====
[2024-01-06 20:06:46,800][line: 78] ==> ====Validation epoch took: 02:58====
[2024-01-06 20:06:46,802][line: 79] ==> 
[2024-01-06 20:09:39,378][line: 70] ==> ====Epoch:[53/100] avg_train_loss=0.45756====
[2024-01-06 20:09:39,382][line: 71] ==> ====Training epoch took: 02:52====
[2024-01-06 20:09:39,384][line: 72] ==> Running Validation...
[2024-01-06 20:09:42,697][line: 77] ==> ====Epoch:[53/100] avg_val_loss=0.17471 avg_val_acc=0.97374====
[2024-01-06 20:09:42,699][line: 78] ==> ====Validation epoch took: 02:55====
[2024-01-06 20:09:42,700][line: 79] ==> 
[2024-01-06 20:12:39,693][line: 70] ==> ====Epoch:[54/100] avg_train_loss=0.15880====
[2024-01-06 20:12:39,696][line: 71] ==> ====Training epoch took: 02:56====
[2024-01-06 20:12:39,698][line: 72] ==> Running Validation...
[2024-01-06 20:12:42,858][line: 77] ==> ====Epoch:[54/100] avg_val_loss=0.08150 avg_val_acc=0.98833====
[2024-01-06 20:12:42,862][line: 78] ==> ====Validation epoch took: 03:00====
[2024-01-06 20:12:42,864][line: 79] ==> 
[2024-01-06 20:15:39,330][line: 70] ==> ====Epoch:[55/100] avg_train_loss=0.10986====
[2024-01-06 20:15:39,332][line: 71] ==> ====Training epoch took: 02:56====
[2024-01-06 20:15:39,335][line: 72] ==> Running Validation...
[2024-01-06 20:15:42,521][line: 77] ==> ====Epoch:[55/100] avg_val_loss=0.04136 avg_val_acc=0.99416====
[2024-01-06 20:15:42,523][line: 78] ==> ====Validation epoch took: 02:59====
[2024-01-06 20:15:42,524][line: 79] ==> 
[2024-01-06 20:18:40,848][line: 70] ==> ====Epoch:[56/100] avg_train_loss=0.05904====
[2024-01-06 20:18:40,851][line: 71] ==> ====Training epoch took: 02:58====
[2024-01-06 20:18:40,854][line: 72] ==> Running Validation...
[2024-01-06 20:18:43,973][line: 77] ==> ====Epoch:[56/100] avg_val_loss=0.02597 avg_val_acc=0.99611====
[2024-01-06 20:18:43,975][line: 78] ==> ====Validation epoch took: 03:01====
[2024-01-06 20:18:43,976][line: 79] ==> 
[2024-01-06 20:21:42,813][line: 70] ==> ====Epoch:[57/100] avg_train_loss=0.05082====
[2024-01-06 20:21:42,817][line: 71] ==> ====Training epoch took: 02:58====
[2024-01-06 20:21:42,819][line: 72] ==> Running Validation...
[2024-01-06 20:21:45,947][line: 77] ==> ====Epoch:[57/100] avg_val_loss=0.04778 avg_val_acc=0.99319====
[2024-01-06 20:21:45,949][line: 78] ==> ====Validation epoch took: 03:01====
[2024-01-06 20:21:45,950][line: 79] ==> 
[2024-01-06 20:24:44,136][line: 70] ==> ====Epoch:[58/100] avg_train_loss=0.05252====
[2024-01-06 20:24:44,140][line: 71] ==> ====Training epoch took: 02:58====
[2024-01-06 20:24:44,142][line: 72] ==> Running Validation...
[2024-01-06 20:24:47,119][line: 77] ==> ====Epoch:[58/100] avg_val_loss=0.02185 avg_val_acc=0.99611====
[2024-01-06 20:24:47,120][line: 78] ==> ====Validation epoch took: 03:01====
[2024-01-06 20:24:47,122][line: 79] ==> 
[2024-01-06 20:27:39,303][line: 70] ==> ====Epoch:[59/100] avg_train_loss=0.04328====
[2024-01-06 20:27:39,306][line: 71] ==> ====Training epoch took: 02:52====
[2024-01-06 20:27:39,307][line: 72] ==> Running Validation...
[2024-01-06 20:27:42,569][line: 77] ==> ====Epoch:[59/100] avg_val_loss=0.02249 avg_val_acc=0.99611====
[2024-01-06 20:27:42,573][line: 78] ==> ====Validation epoch took: 02:55====
[2024-01-06 20:27:42,575][line: 79] ==> 
[2024-01-06 20:30:39,198][line: 70] ==> ====Epoch:[60/100] avg_train_loss=0.03932====
[2024-01-06 20:30:39,201][line: 71] ==> ====Training epoch took: 02:56====
[2024-01-06 20:30:39,203][line: 72] ==> Running Validation...
[2024-01-06 20:30:42,353][line: 77] ==> ====Epoch:[60/100] avg_val_loss=0.01742 avg_val_acc=0.99708====
[2024-01-06 20:30:42,355][line: 78] ==> ====Validation epoch took: 02:59====
[2024-01-06 20:30:42,357][line: 79] ==> 
[2024-01-06 20:33:40,676][line: 70] ==> ====Epoch:[61/100] avg_train_loss=0.04272====
[2024-01-06 20:33:40,679][line: 71] ==> ====Training epoch took: 02:58====
[2024-01-06 20:33:40,681][line: 72] ==> Running Validation...
[2024-01-06 20:33:43,861][line: 77] ==> ====Epoch:[61/100] avg_val_loss=0.03580 avg_val_acc=0.99319====
[2024-01-06 20:33:43,863][line: 78] ==> ====Validation epoch took: 03:01====
[2024-01-06 20:33:43,864][line: 79] ==> 
[2024-01-06 20:36:35,634][line: 70] ==> ====Epoch:[62/100] avg_train_loss=0.06105====
[2024-01-06 20:36:35,637][line: 71] ==> ====Training epoch took: 02:51====
[2024-01-06 20:36:35,640][line: 72] ==> Running Validation...
[2024-01-06 20:36:38,931][line: 77] ==> ====Epoch:[62/100] avg_val_loss=0.04044 avg_val_acc=0.99125====
[2024-01-06 20:36:38,932][line: 78] ==> ====Validation epoch took: 02:55====
[2024-01-06 20:36:38,934][line: 79] ==> 
[2024-01-06 20:39:31,210][line: 70] ==> ====Epoch:[63/100] avg_train_loss=0.06558====
[2024-01-06 20:39:31,213][line: 71] ==> ====Training epoch took: 02:52====
[2024-01-06 20:39:31,214][line: 72] ==> Running Validation...
[2024-01-06 20:39:34,130][line: 77] ==> ====Epoch:[63/100] avg_val_loss=0.01553 avg_val_acc=0.99708====
[2024-01-06 20:39:34,132][line: 78] ==> ====Validation epoch took: 02:55====
[2024-01-06 20:39:34,133][line: 79] ==> 
[2024-01-06 20:42:19,668][line: 70] ==> ====Epoch:[64/100] avg_train_loss=0.04802====
[2024-01-06 20:42:19,669][line: 71] ==> ====Training epoch took: 02:45====
[2024-01-06 20:42:19,670][line: 72] ==> Running Validation...
[2024-01-06 20:42:22,566][line: 77] ==> ====Epoch:[64/100] avg_val_loss=0.02216 avg_val_acc=0.99611====
[2024-01-06 20:42:22,567][line: 78] ==> ====Validation epoch took: 02:48====
[2024-01-06 20:42:22,569][line: 79] ==> 
[2024-01-06 20:45:09,685][line: 70] ==> ====Epoch:[65/100] avg_train_loss=0.04573====
[2024-01-06 20:45:09,688][line: 71] ==> ====Training epoch took: 02:47====
[2024-01-06 20:45:09,689][line: 72] ==> Running Validation...
[2024-01-06 20:45:12,639][line: 77] ==> ====Epoch:[65/100] avg_val_loss=0.01701 avg_val_acc=0.99708====
[2024-01-06 20:45:12,640][line: 78] ==> ====Validation epoch took: 02:50====
[2024-01-06 20:45:12,642][line: 79] ==> 
[2024-01-06 20:48:00,292][line: 70] ==> ====Epoch:[66/100] avg_train_loss=0.04171====
[2024-01-06 20:48:00,295][line: 71] ==> ====Training epoch took: 02:47====
[2024-01-06 20:48:00,296][line: 72] ==> Running Validation...
[2024-01-06 20:48:03,271][line: 77] ==> ====Epoch:[66/100] avg_val_loss=0.02286 avg_val_acc=0.99611====
[2024-01-06 20:48:03,274][line: 78] ==> ====Validation epoch took: 02:50====
[2024-01-06 20:48:03,275][line: 79] ==> 
[2024-01-06 20:50:51,610][line: 70] ==> ====Epoch:[67/100] avg_train_loss=0.03821====
[2024-01-06 20:50:51,614][line: 71] ==> ====Training epoch took: 02:48====
[2024-01-06 20:50:51,615][line: 72] ==> Running Validation...
[2024-01-06 20:50:54,573][line: 77] ==> ====Epoch:[67/100] avg_val_loss=0.01190 avg_val_acc=0.99805====
[2024-01-06 20:50:54,574][line: 78] ==> ====Validation epoch took: 02:51====
[2024-01-06 20:50:54,575][line: 79] ==> 
[2024-01-06 20:53:42,828][line: 70] ==> ====Epoch:[68/100] avg_train_loss=0.03352====
[2024-01-06 20:53:42,831][line: 71] ==> ====Training epoch took: 02:48====
[2024-01-06 20:53:42,833][line: 72] ==> Running Validation...
[2024-01-06 20:53:45,799][line: 77] ==> ====Epoch:[68/100] avg_val_loss=0.01202 avg_val_acc=0.99805====
[2024-01-06 20:53:45,801][line: 78] ==> ====Validation epoch took: 02:51====
[2024-01-06 20:53:45,802][line: 79] ==> 
[2024-01-06 20:56:37,010][line: 70] ==> ====Epoch:[69/100] avg_train_loss=0.03426====
[2024-01-06 20:56:37,018][line: 71] ==> ====Training epoch took: 02:51====
[2024-01-06 20:56:37,020][line: 72] ==> Running Validation...
[2024-01-06 20:56:40,046][line: 77] ==> ====Epoch:[69/100] avg_val_loss=0.01203 avg_val_acc=0.99805====
[2024-01-06 20:56:40,048][line: 78] ==> ====Validation epoch took: 02:54====
[2024-01-06 20:56:40,050][line: 79] ==> 
[2024-01-06 20:59:30,623][line: 70] ==> ====Epoch:[70/100] avg_train_loss=0.03414====
[2024-01-06 20:59:30,628][line: 71] ==> ====Training epoch took: 02:50====
[2024-01-06 20:59:30,629][line: 72] ==> Running Validation...
[2024-01-06 20:59:33,631][line: 77] ==> ====Epoch:[70/100] avg_val_loss=0.01194 avg_val_acc=0.99805====
[2024-01-06 20:59:33,633][line: 78] ==> ====Validation epoch took: 02:53====
[2024-01-06 20:59:33,634][line: 79] ==> 
[2024-01-06 21:02:26,927][line: 70] ==> ====Epoch:[71/100] avg_train_loss=0.03221====
[2024-01-06 21:02:26,931][line: 71] ==> ====Training epoch took: 02:53====
[2024-01-06 21:02:26,932][line: 72] ==> Running Validation...
[2024-01-06 21:02:29,925][line: 77] ==> ====Epoch:[71/100] avg_val_loss=0.01200 avg_val_acc=0.99805====
[2024-01-06 21:02:29,926][line: 78] ==> ====Validation epoch took: 02:56====
[2024-01-06 21:02:29,926][line: 79] ==> 
[2024-01-06 21:05:24,993][line: 70] ==> ====Epoch:[72/100] avg_train_loss=0.03430====
[2024-01-06 21:05:24,997][line: 71] ==> ====Training epoch took: 02:55====
[2024-01-06 21:05:24,999][line: 72] ==> Running Validation...
[2024-01-06 21:05:28,239][line: 77] ==> ====Epoch:[72/100] avg_val_loss=0.06905 avg_val_acc=0.98930====
[2024-01-06 21:05:28,245][line: 78] ==> ====Validation epoch took: 02:58====
[2024-01-06 21:05:28,246][line: 79] ==> 
[2024-01-06 21:08:26,145][line: 70] ==> ====Epoch:[73/100] avg_train_loss=0.09169====
[2024-01-06 21:08:26,150][line: 71] ==> ====Training epoch took: 02:57====
[2024-01-06 21:08:26,151][line: 72] ==> Running Validation...
[2024-01-06 21:08:29,357][line: 77] ==> ====Epoch:[73/100] avg_val_loss=0.02003 avg_val_acc=0.99708====
[2024-01-06 21:08:29,360][line: 78] ==> ====Validation epoch took: 03:01====
[2024-01-06 21:08:29,361][line: 79] ==> 
[2024-01-06 21:11:16,837][line: 70] ==> ====Epoch:[74/100] avg_train_loss=0.04478====
[2024-01-06 21:11:16,840][line: 71] ==> ====Training epoch took: 02:47====
[2024-01-06 21:11:16,842][line: 72] ==> Running Validation...
[2024-01-06 21:11:19,552][line: 77] ==> ====Epoch:[74/100] avg_val_loss=0.01653 avg_val_acc=0.99708====
[2024-01-06 21:11:19,553][line: 78] ==> ====Validation epoch took: 02:50====
[2024-01-06 21:11:19,554][line: 79] ==> 
[2024-01-06 21:14:07,114][line: 70] ==> ====Epoch:[75/100] avg_train_loss=0.03829====
[2024-01-06 21:14:07,117][line: 71] ==> ====Training epoch took: 02:47====
[2024-01-06 21:14:07,118][line: 72] ==> Running Validation...
[2024-01-06 21:14:10,034][line: 77] ==> ====Epoch:[75/100] avg_val_loss=0.01206 avg_val_acc=0.99805====
[2024-01-06 21:14:10,035][line: 78] ==> ====Validation epoch took: 02:50====
[2024-01-06 21:14:10,036][line: 79] ==> 
[2024-01-06 21:16:56,994][line: 70] ==> ====Epoch:[76/100] avg_train_loss=0.04177====
[2024-01-06 21:16:56,997][line: 71] ==> ====Training epoch took: 02:46====
[2024-01-06 21:16:56,998][line: 72] ==> Running Validation...
[2024-01-06 21:16:59,918][line: 77] ==> ====Epoch:[76/100] avg_val_loss=0.01207 avg_val_acc=0.99805====
[2024-01-06 21:16:59,920][line: 78] ==> ====Validation epoch took: 02:49====
[2024-01-06 21:16:59,921][line: 79] ==> 
[2024-01-06 21:19:47,756][line: 70] ==> ====Epoch:[77/100] avg_train_loss=0.03344====
[2024-01-06 21:19:47,759][line: 71] ==> ====Training epoch took: 02:47====
[2024-01-06 21:19:47,760][line: 72] ==> Running Validation...
[2024-01-06 21:19:50,661][line: 77] ==> ====Epoch:[77/100] avg_val_loss=0.02913 avg_val_acc=0.99611====
[2024-01-06 21:19:50,662][line: 78] ==> ====Validation epoch took: 02:50====
[2024-01-06 21:19:50,664][line: 79] ==> 
[2024-01-06 21:22:36,567][line: 70] ==> ====Epoch:[78/100] avg_train_loss=0.03283====
[2024-01-06 21:22:36,570][line: 71] ==> ====Training epoch took: 02:45====
[2024-01-06 21:22:36,571][line: 72] ==> Running Validation...
[2024-01-06 21:22:39,489][line: 77] ==> ====Epoch:[78/100] avg_val_loss=0.02915 avg_val_acc=0.99611====
[2024-01-06 21:22:39,489][line: 78] ==> ====Validation epoch took: 02:48====
[2024-01-06 21:22:39,490][line: 79] ==> 
[2024-01-06 21:25:24,145][line: 70] ==> ====Epoch:[79/100] avg_train_loss=0.03473====
[2024-01-06 21:25:24,149][line: 71] ==> ====Training epoch took: 02:44====
[2024-01-06 21:25:24,150][line: 72] ==> Running Validation...
[2024-01-06 21:25:27,523][line: 77] ==> ====Epoch:[79/100] avg_val_loss=0.03703 avg_val_acc=0.99514====
[2024-01-06 21:25:27,524][line: 78] ==> ====Validation epoch took: 02:48====
[2024-01-06 21:25:27,525][line: 79] ==> 
[2024-01-06 21:28:13,059][line: 70] ==> ====Epoch:[80/100] avg_train_loss=0.03963====
[2024-01-06 21:28:13,062][line: 71] ==> ====Training epoch took: 02:45====
[2024-01-06 21:28:13,063][line: 72] ==> Running Validation...
[2024-01-06 21:28:15,962][line: 77] ==> ====Epoch:[80/100] avg_val_loss=0.03649 avg_val_acc=0.99514====
[2024-01-06 21:28:15,963][line: 78] ==> ====Validation epoch took: 02:48====
[2024-01-06 21:28:15,965][line: 79] ==> 
[2024-01-06 21:31:00,794][line: 70] ==> ====Epoch:[81/100] avg_train_loss=0.03270====
[2024-01-06 21:31:00,796][line: 71] ==> ====Training epoch took: 02:44====
[2024-01-06 21:31:00,797][line: 72] ==> Running Validation...
[2024-01-06 21:31:03,735][line: 77] ==> ====Epoch:[81/100] avg_val_loss=0.03133 avg_val_acc=0.99416====
[2024-01-06 21:31:03,738][line: 78] ==> ====Validation epoch took: 02:47====
[2024-01-06 21:31:03,739][line: 79] ==> 
[2024-01-06 21:33:48,862][line: 70] ==> ====Epoch:[82/100] avg_train_loss=0.03136====
[2024-01-06 21:33:48,865][line: 71] ==> ====Training epoch took: 02:45====
[2024-01-06 21:33:48,866][line: 72] ==> Running Validation...
[2024-01-06 21:33:51,848][line: 77] ==> ====Epoch:[82/100] avg_val_loss=0.02063 avg_val_acc=0.99708====
[2024-01-06 21:33:51,850][line: 78] ==> ====Validation epoch took: 02:48====
[2024-01-06 21:33:51,851][line: 79] ==> 
[2024-01-06 21:36:37,627][line: 70] ==> ====Epoch:[83/100] avg_train_loss=0.02633====
[2024-01-06 21:36:37,629][line: 71] ==> ====Training epoch took: 02:45====
[2024-01-06 21:36:37,630][line: 72] ==> Running Validation...
[2024-01-06 21:36:40,593][line: 77] ==> ====Epoch:[83/100] avg_val_loss=0.01965 avg_val_acc=0.99708====
[2024-01-06 21:36:40,595][line: 78] ==> ====Validation epoch took: 02:48====
[2024-01-06 21:36:40,596][line: 79] ==> 
[2024-01-06 21:39:26,080][line: 70] ==> ====Epoch:[84/100] avg_train_loss=0.02353====
[2024-01-06 21:39:26,083][line: 71] ==> ====Training epoch took: 02:45====
[2024-01-06 21:39:26,085][line: 72] ==> Running Validation...
[2024-01-06 21:39:28,899][line: 77] ==> ====Epoch:[84/100] avg_val_loss=0.02099 avg_val_acc=0.99611====
[2024-01-06 21:39:28,900][line: 78] ==> ====Validation epoch took: 02:48====
[2024-01-06 21:39:28,902][line: 79] ==> 
[2024-01-06 21:42:14,857][line: 70] ==> ====Epoch:[85/100] avg_train_loss=0.02538====
[2024-01-06 21:42:14,860][line: 71] ==> ====Training epoch took: 02:45====
[2024-01-06 21:42:14,862][line: 72] ==> Running Validation...
[2024-01-06 21:42:17,781][line: 77] ==> ====Epoch:[85/100] avg_val_loss=0.01939 avg_val_acc=0.99708====
[2024-01-06 21:42:17,782][line: 78] ==> ====Validation epoch took: 02:48====
[2024-01-06 21:42:17,784][line: 79] ==> 
[2024-01-06 21:45:03,798][line: 70] ==> ====Epoch:[86/100] avg_train_loss=0.02477====
[2024-01-06 21:45:03,801][line: 71] ==> ====Training epoch took: 02:46====
[2024-01-06 21:45:03,803][line: 72] ==> Running Validation...
[2024-01-06 21:45:06,715][line: 77] ==> ====Epoch:[86/100] avg_val_loss=0.01940 avg_val_acc=0.99708====
[2024-01-06 21:45:06,717][line: 78] ==> ====Validation epoch took: 02:48====
[2024-01-06 21:45:06,718][line: 79] ==> 
[2024-01-06 21:47:52,489][line: 70] ==> ====Epoch:[87/100] avg_train_loss=0.02272====
[2024-01-06 21:47:52,492][line: 71] ==> ====Training epoch took: 02:45====
[2024-01-06 21:47:52,494][line: 72] ==> Running Validation...
[2024-01-06 21:47:55,418][line: 77] ==> ====Epoch:[87/100] avg_val_loss=0.01941 avg_val_acc=0.99708====
[2024-01-06 21:47:55,419][line: 78] ==> ====Validation epoch took: 02:48====
[2024-01-06 21:47:55,420][line: 79] ==> 
[2024-01-06 21:50:41,779][line: 70] ==> ====Epoch:[88/100] avg_train_loss=0.02210====
[2024-01-06 21:50:41,783][line: 71] ==> ====Training epoch took: 02:46====
[2024-01-06 21:50:41,784][line: 72] ==> Running Validation...
[2024-01-06 21:50:44,693][line: 77] ==> ====Epoch:[88/100] avg_val_loss=0.01939 avg_val_acc=0.99708====
[2024-01-06 21:50:44,694][line: 78] ==> ====Validation epoch took: 02:49====
[2024-01-06 21:50:44,695][line: 79] ==> 
[2024-01-06 21:53:30,112][line: 70] ==> ====Epoch:[89/100] avg_train_loss=0.02077====
[2024-01-06 21:53:30,116][line: 71] ==> ====Training epoch took: 02:45====
[2024-01-06 21:53:30,117][line: 72] ==> Running Validation...
[2024-01-06 21:53:33,010][line: 77] ==> ====Epoch:[89/100] avg_val_loss=0.01939 avg_val_acc=0.99708====
[2024-01-06 21:53:33,011][line: 78] ==> ====Validation epoch took: 02:48====
[2024-01-06 21:53:33,012][line: 79] ==> 
[2024-01-06 21:56:18,596][line: 70] ==> ====Epoch:[90/100] avg_train_loss=0.01999====
[2024-01-06 21:56:18,599][line: 71] ==> ====Training epoch took: 02:45====
[2024-01-06 21:56:18,600][line: 72] ==> Running Validation...
[2024-01-06 21:56:21,527][line: 77] ==> ====Epoch:[90/100] avg_val_loss=0.01930 avg_val_acc=0.99708====
[2024-01-06 21:56:21,529][line: 78] ==> ====Validation epoch took: 02:48====
[2024-01-06 21:56:21,531][line: 79] ==> 
[2024-01-06 21:59:06,986][line: 70] ==> ====Epoch:[91/100] avg_train_loss=0.01735====
[2024-01-06 21:59:06,989][line: 71] ==> ====Training epoch took: 02:45====
[2024-01-06 21:59:06,990][line: 72] ==> Running Validation...
[2024-01-06 21:59:09,922][line: 77] ==> ====Epoch:[91/100] avg_val_loss=0.01933 avg_val_acc=0.99708====
[2024-01-06 21:59:09,923][line: 78] ==> ====Validation epoch took: 02:48====
[2024-01-06 21:59:09,925][line: 79] ==> 
[2024-01-06 22:01:54,240][line: 70] ==> ====Epoch:[92/100] avg_train_loss=0.01632====
[2024-01-06 22:01:54,243][line: 71] ==> ====Training epoch took: 02:44====
[2024-01-06 22:01:54,244][line: 72] ==> Running Validation...
[2024-01-06 22:01:57,000][line: 77] ==> ====Epoch:[92/100] avg_val_loss=0.01936 avg_val_acc=0.99708====
[2024-01-06 22:01:57,001][line: 78] ==> ====Validation epoch took: 02:47====
[2024-01-06 22:01:57,002][line: 79] ==> 
[2024-01-06 22:04:42,377][line: 70] ==> ====Epoch:[93/100] avg_train_loss=0.01526====
[2024-01-06 22:04:42,380][line: 71] ==> ====Training epoch took: 02:45====
[2024-01-06 22:04:42,383][line: 72] ==> Running Validation...
[2024-01-06 22:04:45,370][line: 77] ==> ====Epoch:[93/100] avg_val_loss=0.01940 avg_val_acc=0.99708====
[2024-01-06 22:04:45,372][line: 78] ==> ====Validation epoch took: 02:48====
[2024-01-06 22:04:45,373][line: 79] ==> 
[2024-01-06 22:07:34,854][line: 70] ==> ====Epoch:[94/100] avg_train_loss=0.01398====
[2024-01-06 22:07:34,857][line: 71] ==> ====Training epoch took: 02:49====
[2024-01-06 22:07:34,859][line: 72] ==> Running Validation...
[2024-01-06 22:07:37,986][line: 77] ==> ====Epoch:[94/100] avg_val_loss=0.01306 avg_val_acc=0.99805====
[2024-01-06 22:07:37,987][line: 78] ==> ====Validation epoch took: 02:52====
[2024-01-06 22:07:37,989][line: 79] ==> 
[2024-01-06 22:10:24,529][line: 70] ==> ====Epoch:[95/100] avg_train_loss=0.01317====
[2024-01-06 22:10:24,531][line: 71] ==> ====Training epoch took: 02:46====
[2024-01-06 22:10:24,531][line: 72] ==> Running Validation...
[2024-01-06 22:10:27,557][line: 77] ==> ====Epoch:[95/100] avg_val_loss=0.01316 avg_val_acc=0.99805====
[2024-01-06 22:10:27,558][line: 78] ==> ====Validation epoch took: 02:49====
[2024-01-06 22:10:27,559][line: 79] ==> 
[2024-01-06 22:13:14,566][line: 70] ==> ====Epoch:[96/100] avg_train_loss=0.01293====
[2024-01-06 22:13:14,569][line: 71] ==> ====Training epoch took: 02:47====
[2024-01-06 22:13:14,571][line: 72] ==> Running Validation...
[2024-01-06 22:13:17,527][line: 77] ==> ====Epoch:[96/100] avg_val_loss=0.01319 avg_val_acc=0.99805====
[2024-01-06 22:13:17,528][line: 78] ==> ====Validation epoch took: 02:49====
[2024-01-06 22:13:17,530][line: 79] ==> 
[2024-01-06 22:16:06,629][line: 70] ==> ====Epoch:[97/100] avg_train_loss=0.01280====
[2024-01-06 22:16:06,631][line: 71] ==> ====Training epoch took: 02:49====
[2024-01-06 22:16:06,632][line: 72] ==> Running Validation...
[2024-01-06 22:16:09,863][line: 77] ==> ====Epoch:[97/100] avg_val_loss=0.01321 avg_val_acc=0.99805====
[2024-01-06 22:16:09,866][line: 78] ==> ====Validation epoch took: 02:52====
[2024-01-06 22:16:09,867][line: 79] ==> 
[2024-01-06 22:18:57,406][line: 70] ==> ====Epoch:[98/100] avg_train_loss=0.01212====
[2024-01-06 22:18:57,410][line: 71] ==> ====Training epoch took: 02:47====
[2024-01-06 22:18:57,411][line: 72] ==> Running Validation...
[2024-01-06 22:19:00,527][line: 77] ==> ====Epoch:[98/100] avg_val_loss=0.01322 avg_val_acc=0.99805====
[2024-01-06 22:19:00,528][line: 78] ==> ====Validation epoch took: 02:50====
[2024-01-06 22:19:00,529][line: 79] ==> 
[2024-01-06 22:21:46,665][line: 70] ==> ====Epoch:[99/100] avg_train_loss=0.01161====
[2024-01-06 22:21:46,668][line: 71] ==> ====Training epoch took: 02:46====
[2024-01-06 22:21:46,670][line: 72] ==> Running Validation...
[2024-01-06 22:21:49,529][line: 77] ==> ====Epoch:[99/100] avg_val_loss=0.01326 avg_val_acc=0.99805====
[2024-01-06 22:21:49,530][line: 78] ==> ====Validation epoch took: 02:48====
[2024-01-06 22:21:49,531][line: 79] ==> 
[2024-01-06 22:24:35,432][line: 70] ==> ====Epoch:[100/100] avg_train_loss=0.01221====
[2024-01-06 22:24:35,435][line: 71] ==> ====Training epoch took: 02:45====
[2024-01-06 22:24:35,436][line: 72] ==> Running Validation...
[2024-01-06 22:24:38,350][line: 77] ==> ====Epoch:[100/100] avg_val_loss=0.01327 avg_val_acc=0.99805====
[2024-01-06 22:24:38,351][line: 78] ==> ====Validation epoch took: 02:48====
[2024-01-06 22:24:38,352][line: 79] ==> 
[2024-01-06 22:24:38,861][line: 84] ==> 
[2024-01-06 22:24:38,862][line: 85] ==>    Training Completed!
