[2024-01-09 21:05:47,582][line: 147] ==> creating ./cache/logs/2024-01-09-21-05.log
[2024-01-09 21:05:47,586][line: 42] ==>    Train batch size = 16
[2024-01-09 21:05:47,589][line: 43] ==>    Total steps = 15000
[2024-01-09 21:05:47,591][line: 44] ==>    Training Start!
[2024-01-09 21:06:54,314][line: 71] ==> ====Epoch:[1/20] avg_train_loss=0.11010====
[2024-01-09 21:06:54,320][line: 72] ==> ====Training epoch took: 01:06====
[2024-01-09 21:06:54,322][line: 73] ==> Running Validation...
[2024-01-09 21:06:56,477][line: 78] ==> ====Epoch:[1/20] avg_val_loss=0.02967 avg_val_acc=0.99231====
[2024-01-09 21:06:56,480][line: 79] ==> ====Validation epoch took: 01:08====
[2024-01-09 21:06:56,482][line: 80] ==> 
[2024-01-09 21:08:02,427][line: 71] ==> ====Epoch:[2/20] avg_train_loss=0.05940====
[2024-01-09 21:08:02,431][line: 72] ==> ====Training epoch took: 01:05====
[2024-01-09 21:08:02,435][line: 73] ==> Running Validation...
[2024-01-09 21:08:04,646][line: 78] ==> ====Epoch:[2/20] avg_val_loss=0.01170 avg_val_acc=0.99712====
[2024-01-09 21:08:04,649][line: 79] ==> ====Validation epoch took: 01:08====
[2024-01-09 21:08:04,652][line: 80] ==> 
[2024-01-09 21:09:11,601][line: 71] ==> ====Epoch:[3/20] avg_train_loss=0.03848====
[2024-01-09 21:09:11,606][line: 72] ==> ====Training epoch took: 01:06====
[2024-01-09 21:09:11,609][line: 73] ==> Running Validation...
[2024-01-09 21:09:13,837][line: 78] ==> ====Epoch:[3/20] avg_val_loss=0.00793 avg_val_acc=0.99808====
[2024-01-09 21:09:13,841][line: 79] ==> ====Validation epoch took: 01:09====
[2024-01-09 21:09:13,845][line: 80] ==> 
[2024-01-09 21:10:20,235][line: 71] ==> ====Epoch:[4/20] avg_train_loss=0.02933====
[2024-01-09 21:10:20,240][line: 72] ==> ====Training epoch took: 01:06====
[2024-01-09 21:10:20,243][line: 73] ==> Running Validation...
[2024-01-09 21:10:22,523][line: 78] ==> ====Epoch:[4/20] avg_val_loss=0.03763 avg_val_acc=0.99519====
[2024-01-09 21:10:22,526][line: 79] ==> ====Validation epoch took: 01:08====
[2024-01-09 21:10:22,530][line: 80] ==> 
[2024-01-09 21:11:29,326][line: 71] ==> ====Epoch:[5/20] avg_train_loss=0.01981====
[2024-01-09 21:11:29,332][line: 72] ==> ====Training epoch took: 01:06====
[2024-01-09 21:11:29,335][line: 73] ==> Running Validation...
[2024-01-09 21:11:31,587][line: 78] ==> ====Epoch:[5/20] avg_val_loss=0.00375 avg_val_acc=0.99904====
[2024-01-09 21:11:31,592][line: 79] ==> ====Validation epoch took: 01:09====
[2024-01-09 21:11:31,596][line: 80] ==> 
[2024-01-09 21:12:38,477][line: 71] ==> ====Epoch:[6/20] avg_train_loss=0.01343====
[2024-01-09 21:12:38,480][line: 72] ==> ====Training epoch took: 01:06====
[2024-01-09 21:12:38,482][line: 73] ==> Running Validation...
[2024-01-09 21:12:40,734][line: 78] ==> ====Epoch:[6/20] avg_val_loss=0.00007 avg_val_acc=1.00000====
[2024-01-09 21:12:40,737][line: 79] ==> ====Validation epoch took: 01:09====
[2024-01-09 21:12:40,740][line: 80] ==> 
[2024-01-09 21:13:47,716][line: 71] ==> ====Epoch:[7/20] avg_train_loss=0.01362====
[2024-01-09 21:13:47,721][line: 72] ==> ====Training epoch took: 01:06====
[2024-01-09 21:13:47,724][line: 73] ==> Running Validation...
[2024-01-09 21:13:49,954][line: 78] ==> ====Epoch:[7/20] avg_val_loss=0.00402 avg_val_acc=0.99904====
[2024-01-09 21:13:49,957][line: 79] ==> ====Validation epoch took: 01:09====
[2024-01-09 21:13:49,959][line: 80] ==> 
[2024-01-09 21:14:53,922][line: 71] ==> ====Epoch:[8/20] avg_train_loss=0.00723====
[2024-01-09 21:14:53,927][line: 72] ==> ====Training epoch took: 01:03====
[2024-01-09 21:14:53,930][line: 73] ==> Running Validation...
[2024-01-09 21:14:56,123][line: 78] ==> ====Epoch:[8/20] avg_val_loss=0.00775 avg_val_acc=0.99904====
[2024-01-09 21:14:56,128][line: 79] ==> ====Validation epoch took: 01:06====
[2024-01-09 21:14:56,130][line: 80] ==> 
[2024-01-09 21:16:02,905][line: 71] ==> ====Epoch:[9/20] avg_train_loss=0.00884====
[2024-01-09 21:16:02,910][line: 72] ==> ====Training epoch took: 01:06====
[2024-01-09 21:16:02,914][line: 73] ==> Running Validation...
[2024-01-09 21:16:05,189][line: 78] ==> ====Epoch:[9/20] avg_val_loss=0.00056 avg_val_acc=1.00000====
[2024-01-09 21:16:05,193][line: 79] ==> ====Validation epoch took: 01:09====
[2024-01-09 21:16:05,195][line: 80] ==> 
[2024-01-09 21:17:11,874][line: 71] ==> ====Epoch:[10/20] avg_train_loss=0.00424====
[2024-01-09 21:17:11,878][line: 72] ==> ====Training epoch took: 01:06====
[2024-01-09 21:17:11,881][line: 73] ==> Running Validation...
[2024-01-09 21:17:14,095][line: 78] ==> ====Epoch:[10/20] avg_val_loss=0.00002 avg_val_acc=1.00000====
[2024-01-09 21:17:14,099][line: 79] ==> ====Validation epoch took: 01:08====
[2024-01-09 21:17:14,102][line: 80] ==> 
[2024-01-09 21:18:20,700][line: 71] ==> ====Epoch:[11/20] avg_train_loss=0.00512====
[2024-01-09 21:18:20,703][line: 72] ==> ====Training epoch took: 01:06====
[2024-01-09 21:18:20,707][line: 73] ==> Running Validation...
[2024-01-09 21:18:22,915][line: 78] ==> ====Epoch:[11/20] avg_val_loss=0.00001 avg_val_acc=1.00000====
[2024-01-09 21:18:22,919][line: 79] ==> ====Validation epoch took: 01:08====
[2024-01-09 21:18:22,922][line: 80] ==> 
[2024-01-09 21:19:30,332][line: 71] ==> ====Epoch:[12/20] avg_train_loss=0.00284====
[2024-01-09 21:19:30,337][line: 72] ==> ====Training epoch took: 01:07====
[2024-01-09 21:19:30,340][line: 73] ==> Running Validation...
[2024-01-09 21:19:32,507][line: 78] ==> ====Epoch:[12/20] avg_val_loss=0.00001 avg_val_acc=1.00000====
[2024-01-09 21:19:32,510][line: 79] ==> ====Validation epoch took: 01:09====
[2024-01-09 21:19:32,512][line: 80] ==> 
[2024-01-09 21:20:39,042][line: 71] ==> ====Epoch:[13/20] avg_train_loss=0.00068====
[2024-01-09 21:20:39,049][line: 72] ==> ====Training epoch took: 01:06====
[2024-01-09 21:20:39,051][line: 73] ==> Running Validation...
[2024-01-09 21:20:41,224][line: 78] ==> ====Epoch:[13/20] avg_val_loss=0.00001 avg_val_acc=1.00000====
[2024-01-09 21:20:41,226][line: 79] ==> ====Validation epoch took: 01:08====
[2024-01-09 21:20:41,227][line: 80] ==> 
[2024-01-09 21:21:47,880][line: 71] ==> ====Epoch:[14/20] avg_train_loss=0.00224====
[2024-01-09 21:21:47,885][line: 72] ==> ====Training epoch took: 01:06====
[2024-01-09 21:21:47,888][line: 73] ==> Running Validation...
[2024-01-09 21:21:50,084][line: 78] ==> ====Epoch:[14/20] avg_val_loss=0.00000 avg_val_acc=1.00000====
[2024-01-09 21:21:50,087][line: 79] ==> ====Validation epoch took: 01:08====
[2024-01-09 21:21:50,089][line: 80] ==> 
[2024-01-09 21:22:55,917][line: 71] ==> ====Epoch:[15/20] avg_train_loss=0.00320====
[2024-01-09 21:22:55,923][line: 72] ==> ====Training epoch took: 01:05====
[2024-01-09 21:22:55,926][line: 73] ==> Running Validation...
[2024-01-09 21:22:58,099][line: 78] ==> ====Epoch:[15/20] avg_val_loss=0.00001 avg_val_acc=1.00000====
[2024-01-09 21:22:58,103][line: 79] ==> ====Validation epoch took: 01:08====
[2024-01-09 21:22:58,105][line: 80] ==> 
[2024-01-09 21:24:04,335][line: 71] ==> ====Epoch:[16/20] avg_train_loss=0.00183====
[2024-01-09 21:24:04,339][line: 72] ==> ====Training epoch took: 01:06====
[2024-01-09 21:24:04,340][line: 73] ==> Running Validation...
[2024-01-09 21:24:06,540][line: 78] ==> ====Epoch:[16/20] avg_val_loss=0.00001 avg_val_acc=1.00000====
[2024-01-09 21:24:06,542][line: 79] ==> ====Validation epoch took: 01:08====
[2024-01-09 21:24:06,544][line: 80] ==> 
[2024-01-09 21:25:12,573][line: 71] ==> ====Epoch:[17/20] avg_train_loss=0.00129====
[2024-01-09 21:25:12,576][line: 72] ==> ====Training epoch took: 01:06====
[2024-01-09 21:25:12,577][line: 73] ==> Running Validation...
[2024-01-09 21:25:14,752][line: 78] ==> ====Epoch:[17/20] avg_val_loss=0.00001 avg_val_acc=1.00000====
[2024-01-09 21:25:14,756][line: 79] ==> ====Validation epoch took: 01:08====
[2024-01-09 21:25:14,759][line: 80] ==> 
[2024-01-09 21:26:21,028][line: 71] ==> ====Epoch:[18/20] avg_train_loss=0.00130====
[2024-01-09 21:26:21,033][line: 72] ==> ====Training epoch took: 01:06====
[2024-01-09 21:26:21,035][line: 73] ==> Running Validation...
[2024-01-09 21:26:23,217][line: 78] ==> ====Epoch:[18/20] avg_val_loss=0.00000 avg_val_acc=1.00000====
[2024-01-09 21:26:23,221][line: 79] ==> ====Validation epoch took: 01:08====
[2024-01-09 21:26:23,224][line: 80] ==> 
[2024-01-09 21:27:29,367][line: 71] ==> ====Epoch:[19/20] avg_train_loss=0.00096====
[2024-01-09 21:27:29,370][line: 72] ==> ====Training epoch took: 01:06====
[2024-01-09 21:27:29,371][line: 73] ==> Running Validation...
[2024-01-09 21:27:31,559][line: 78] ==> ====Epoch:[19/20] avg_val_loss=0.00000 avg_val_acc=1.00000====
[2024-01-09 21:27:31,562][line: 79] ==> ====Validation epoch took: 01:08====
[2024-01-09 21:27:31,567][line: 80] ==> 
[2024-01-09 21:28:37,864][line: 71] ==> ====Epoch:[20/20] avg_train_loss=0.00032====
[2024-01-09 21:28:37,869][line: 72] ==> ====Training epoch took: 01:06====
[2024-01-09 21:28:37,872][line: 73] ==> Running Validation...
[2024-01-09 21:28:40,058][line: 78] ==> ====Epoch:[20/20] avg_val_loss=0.00000 avg_val_acc=1.00000====
[2024-01-09 21:28:40,062][line: 79] ==> ====Validation epoch took: 01:08====
[2024-01-09 21:28:40,066][line: 80] ==> 
[2024-01-09 21:28:40,814][line: 85] ==> 
[2024-01-09 21:28:40,818][line: 86] ==>    Training Completed!
