[2024-01-09 19:43:40,019][line: 147] ==> creating ./cache/logs/2024-01-09-19-43.log
[2024-01-09 19:43:40,021][line: 42] ==>    Train batch size = 16
[2024-01-09 19:43:40,025][line: 43] ==>    Total steps = 7500
[2024-01-09 19:43:40,028][line: 44] ==>    Training Start!
[2024-01-09 19:44:45,690][line: 71] ==> ====Epoch:[1/10] avg_train_loss=0.10201====
[2024-01-09 19:44:45,696][line: 72] ==> ====Training epoch took: 01:05====
[2024-01-09 19:44:45,698][line: 73] ==> Running Validation...
[2024-01-09 19:44:47,905][line: 78] ==> ====Epoch:[1/10] avg_val_loss=0.03504 avg_val_acc=0.99135====
[2024-01-09 19:44:47,907][line: 79] ==> ====Validation epoch took: 01:07====
[2024-01-09 19:44:47,911][line: 80] ==> 
[2024-01-09 19:45:53,261][line: 71] ==> ====Epoch:[2/10] avg_train_loss=0.05413====
[2024-01-09 19:45:53,266][line: 72] ==> ====Training epoch took: 01:05====
[2024-01-09 19:45:53,268][line: 73] ==> Running Validation...
[2024-01-09 19:45:55,476][line: 78] ==> ====Epoch:[2/10] avg_val_loss=0.02132 avg_val_acc=0.99423====
[2024-01-09 19:45:55,478][line: 79] ==> ====Validation epoch took: 01:07====
[2024-01-09 19:45:55,481][line: 80] ==> 
[2024-01-09 19:47:00,873][line: 71] ==> ====Epoch:[3/10] avg_train_loss=0.03241====
[2024-01-09 19:47:00,878][line: 72] ==> ====Training epoch took: 01:05====
[2024-01-09 19:47:00,881][line: 73] ==> Running Validation...
[2024-01-09 19:47:03,082][line: 78] ==> ====Epoch:[3/10] avg_val_loss=0.00872 avg_val_acc=0.99808====
[2024-01-09 19:47:03,086][line: 79] ==> ====Validation epoch took: 01:07====
[2024-01-09 19:47:03,090][line: 80] ==> 
[2024-01-09 19:48:08,486][line: 71] ==> ====Epoch:[4/10] avg_train_loss=0.02266====
[2024-01-09 19:48:08,491][line: 72] ==> ====Training epoch took: 01:05====
[2024-01-09 19:48:08,493][line: 73] ==> Running Validation...
[2024-01-09 19:48:10,715][line: 78] ==> ====Epoch:[4/10] avg_val_loss=0.00694 avg_val_acc=0.99808====
[2024-01-09 19:48:10,719][line: 79] ==> ====Validation epoch took: 01:07====
[2024-01-09 19:48:10,722][line: 80] ==> 
[2024-01-09 19:49:16,276][line: 71] ==> ====Epoch:[5/10] avg_train_loss=0.01448====
[2024-01-09 19:49:16,279][line: 72] ==> ====Training epoch took: 01:05====
[2024-01-09 19:49:16,280][line: 73] ==> Running Validation...
[2024-01-09 19:49:18,460][line: 78] ==> ====Epoch:[5/10] avg_val_loss=0.00020 avg_val_acc=1.00000====
[2024-01-09 19:49:18,463][line: 79] ==> ====Validation epoch took: 01:07====
[2024-01-09 19:49:18,466][line: 80] ==> 
[2024-01-09 19:50:23,946][line: 71] ==> ====Epoch:[6/10] avg_train_loss=0.01134====
[2024-01-09 19:50:23,949][line: 72] ==> ====Training epoch took: 01:05====
[2024-01-09 19:50:23,951][line: 73] ==> Running Validation...
[2024-01-09 19:50:26,159][line: 78] ==> ====Epoch:[6/10] avg_val_loss=0.00059 avg_val_acc=1.00000====
[2024-01-09 19:50:26,163][line: 79] ==> ====Validation epoch took: 01:07====
[2024-01-09 19:50:26,166][line: 80] ==> 
[2024-01-09 19:51:31,579][line: 71] ==> ====Epoch:[7/10] avg_train_loss=0.00605====
[2024-01-09 19:51:31,584][line: 72] ==> ====Training epoch took: 01:05====
[2024-01-09 19:51:31,587][line: 73] ==> Running Validation...
[2024-01-09 19:51:33,782][line: 78] ==> ====Epoch:[7/10] avg_val_loss=0.00004 avg_val_acc=1.00000====
[2024-01-09 19:51:33,783][line: 79] ==> ====Validation epoch took: 01:07====
[2024-01-09 19:51:33,785][line: 80] ==> 
[2024-01-09 19:52:39,145][line: 71] ==> ====Epoch:[8/10] avg_train_loss=0.00378====
[2024-01-09 19:52:39,150][line: 72] ==> ====Training epoch took: 01:05====
[2024-01-09 19:52:39,153][line: 73] ==> Running Validation...
[2024-01-09 19:52:41,368][line: 78] ==> ====Epoch:[8/10] avg_val_loss=0.00004 avg_val_acc=1.00000====
[2024-01-09 19:52:41,371][line: 79] ==> ====Validation epoch took: 01:07====
[2024-01-09 19:52:41,374][line: 80] ==> 
[2024-01-09 19:53:46,860][line: 71] ==> ====Epoch:[9/10] avg_train_loss=0.00172====
[2024-01-09 19:53:46,866][line: 72] ==> ====Training epoch took: 01:05====
[2024-01-09 19:53:46,869][line: 73] ==> Running Validation...
[2024-01-09 19:53:49,071][line: 78] ==> ====Epoch:[9/10] avg_val_loss=0.00002 avg_val_acc=1.00000====
[2024-01-09 19:53:49,075][line: 79] ==> ====Validation epoch took: 01:07====
[2024-01-09 19:53:49,078][line: 80] ==> 
[2024-01-09 19:54:54,514][line: 71] ==> ====Epoch:[10/10] avg_train_loss=0.00231====
[2024-01-09 19:54:54,518][line: 72] ==> ====Training epoch took: 01:05====
[2024-01-09 19:54:54,519][line: 73] ==> Running Validation...
[2024-01-09 19:54:56,716][line: 78] ==> ====Epoch:[10/10] avg_val_loss=0.00002 avg_val_acc=1.00000====
[2024-01-09 19:54:56,717][line: 79] ==> ====Validation epoch took: 01:07====
[2024-01-09 19:54:56,718][line: 80] ==> 
[2024-01-09 19:54:57,341][line: 85] ==> 
[2024-01-09 19:54:57,343][line: 86] ==>    Training Completed!
