[2024-01-06 23:35:52,543][line: 146] ==> creating ./cache/logs/2024-01-06-23-35.log
[2024-01-06 23:35:52,544][line: 41] ==>    Train batch size = 4
[2024-01-06 23:35:52,546][line: 42] ==>    Total steps = 300000
[2024-01-06 23:35:52,547][line: 43] ==>    Training Start!
[2024-01-06 23:38:57,165][line: 70] ==> ====Epoch:[1/100] avg_train_loss=0.14076====
[2024-01-06 23:38:57,168][line: 71] ==> ====Training epoch took: 03:04====
[2024-01-06 23:38:57,170][line: 72] ==> Running Validation...
[2024-01-06 23:39:00,328][line: 77] ==> ====Epoch:[1/100] avg_val_loss=0.03249 avg_val_acc=0.99319====
[2024-01-06 23:39:00,330][line: 78] ==> ====Validation epoch took: 03:07====
[2024-01-06 23:39:00,332][line: 79] ==> 
[2024-01-06 23:42:02,498][line: 70] ==> ====Epoch:[2/100] avg_train_loss=0.09707====
[2024-01-06 23:42:02,507][line: 71] ==> ====Training epoch took: 03:02====
[2024-01-06 23:42:02,509][line: 72] ==> Running Validation...
[2024-01-06 23:42:05,710][line: 77] ==> ====Epoch:[2/100] avg_val_loss=0.02028 avg_val_acc=0.99708====
[2024-01-06 23:42:05,712][line: 78] ==> ====Validation epoch took: 03:05====
[2024-01-06 23:42:05,714][line: 79] ==> 
[2024-01-06 23:45:05,759][line: 70] ==> ====Epoch:[3/100] avg_train_loss=0.08730====
[2024-01-06 23:45:05,762][line: 71] ==> ====Training epoch took: 03:00====
[2024-01-06 23:45:05,764][line: 72] ==> Running Validation...
[2024-01-06 23:45:08,992][line: 77] ==> ====Epoch:[3/100] avg_val_loss=0.02246 avg_val_acc=0.99611====
[2024-01-06 23:45:08,994][line: 78] ==> ====Validation epoch took: 03:03====
[2024-01-06 23:45:08,995][line: 79] ==> 
[2024-01-06 23:48:08,972][line: 70] ==> ====Epoch:[4/100] avg_train_loss=0.06686====
[2024-01-06 23:48:08,975][line: 71] ==> ====Training epoch took: 02:59====
[2024-01-06 23:48:08,977][line: 72] ==> Running Validation...
[2024-01-06 23:48:12,200][line: 77] ==> ====Epoch:[4/100] avg_val_loss=0.02596 avg_val_acc=0.99514====
[2024-01-06 23:48:12,202][line: 78] ==> ====Validation epoch took: 03:03====
[2024-01-06 23:48:12,204][line: 79] ==> 
[2024-01-06 23:51:11,935][line: 70] ==> ====Epoch:[5/100] avg_train_loss=0.05754====
[2024-01-06 23:51:11,938][line: 71] ==> ====Training epoch took: 02:59====
[2024-01-06 23:51:11,939][line: 72] ==> Running Validation...
[2024-01-06 23:51:15,163][line: 77] ==> ====Epoch:[5/100] avg_val_loss=0.01369 avg_val_acc=0.99805====
[2024-01-06 23:51:15,164][line: 78] ==> ====Validation epoch took: 03:02====
[2024-01-06 23:51:15,166][line: 79] ==> 
[2024-01-06 23:54:11,666][line: 70] ==> ====Epoch:[6/100] avg_train_loss=0.06826====
[2024-01-06 23:54:11,670][line: 71] ==> ====Training epoch took: 02:56====
[2024-01-06 23:54:11,672][line: 72] ==> Running Validation...
[2024-01-06 23:54:14,831][line: 77] ==> ====Epoch:[6/100] avg_val_loss=0.02853 avg_val_acc=0.99611====
[2024-01-06 23:54:14,833][line: 78] ==> ====Validation epoch took: 02:59====
[2024-01-06 23:54:14,834][line: 79] ==> 
[2024-01-06 23:57:13,955][line: 70] ==> ====Epoch:[7/100] avg_train_loss=0.06800====
[2024-01-06 23:57:13,958][line: 71] ==> ====Training epoch took: 02:59====
[2024-01-06 23:57:13,959][line: 72] ==> Running Validation...
[2024-01-06 23:57:17,235][line: 77] ==> ====Epoch:[7/100] avg_val_loss=0.02378 avg_val_acc=0.99611====
[2024-01-06 23:57:17,237][line: 78] ==> ====Validation epoch took: 03:02====
[2024-01-06 23:57:17,238][line: 79] ==> 
[2024-01-07 00:00:15,443][line: 70] ==> ====Epoch:[8/100] avg_train_loss=0.06111====
[2024-01-07 00:00:15,446][line: 71] ==> ====Training epoch took: 02:58====
[2024-01-07 00:00:15,448][line: 72] ==> Running Validation...
[2024-01-07 00:00:18,629][line: 77] ==> ====Epoch:[8/100] avg_val_loss=0.03459 avg_val_acc=0.99125====
[2024-01-07 00:00:18,630][line: 78] ==> ====Validation epoch took: 03:01====
[2024-01-07 00:00:18,633][line: 79] ==> 
[2024-01-07 00:03:16,431][line: 70] ==> ====Epoch:[9/100] avg_train_loss=0.06999====
[2024-01-07 00:03:16,435][line: 71] ==> ====Training epoch took: 02:57====
[2024-01-07 00:03:16,437][line: 72] ==> Running Validation...
[2024-01-07 00:03:19,703][line: 77] ==> ====Epoch:[9/100] avg_val_loss=0.05468 avg_val_acc=0.99027====
[2024-01-07 00:03:19,705][line: 78] ==> ====Validation epoch took: 03:01====
[2024-01-07 00:03:19,706][line: 79] ==> 
[2024-01-07 00:06:18,045][line: 70] ==> ====Epoch:[10/100] avg_train_loss=0.07409====
[2024-01-07 00:06:18,048][line: 71] ==> ====Training epoch took: 02:58====
[2024-01-07 00:06:18,049][line: 72] ==> Running Validation...
[2024-01-07 00:06:21,152][line: 77] ==> ====Epoch:[10/100] avg_val_loss=0.05850 avg_val_acc=0.99125====
[2024-01-07 00:06:21,153][line: 78] ==> ====Validation epoch took: 03:01====
[2024-01-07 00:06:21,154][line: 79] ==> 
[2024-01-07 00:09:19,633][line: 70] ==> ====Epoch:[11/100] avg_train_loss=0.07101====
[2024-01-07 00:09:19,636][line: 71] ==> ====Training epoch took: 02:58====
[2024-01-07 00:09:19,638][line: 72] ==> Running Validation...
[2024-01-07 00:09:22,838][line: 77] ==> ====Epoch:[11/100] avg_val_loss=0.03676 avg_val_acc=0.99416====
[2024-01-07 00:09:22,840][line: 78] ==> ====Validation epoch took: 03:01====
[2024-01-07 00:09:22,842][line: 79] ==> 
[2024-01-07 00:12:21,678][line: 70] ==> ====Epoch:[12/100] avg_train_loss=0.07433====
[2024-01-07 00:12:21,681][line: 71] ==> ====Training epoch took: 02:58====
[2024-01-07 00:12:21,683][line: 72] ==> Running Validation...
[2024-01-07 00:12:24,785][line: 77] ==> ====Epoch:[12/100] avg_val_loss=0.04082 avg_val_acc=0.99416====
[2024-01-07 00:12:24,786][line: 78] ==> ====Validation epoch took: 03:01====
[2024-01-07 00:12:24,788][line: 79] ==> 
[2024-01-07 00:15:22,888][line: 70] ==> ====Epoch:[13/100] avg_train_loss=0.16273====
[2024-01-07 00:15:22,890][line: 71] ==> ====Training epoch took: 02:58====
[2024-01-07 00:15:22,892][line: 72] ==> Running Validation...
[2024-01-07 00:15:25,989][line: 77] ==> ====Epoch:[13/100] avg_val_loss=0.13452 avg_val_acc=0.97763====
[2024-01-07 00:15:25,991][line: 78] ==> ====Validation epoch took: 03:01====
[2024-01-07 00:15:25,992][line: 79] ==> 
[2024-01-07 00:18:24,011][line: 70] ==> ====Epoch:[14/100] avg_train_loss=0.20502====
[2024-01-07 00:18:24,015][line: 71] ==> ====Training epoch took: 02:58====
[2024-01-07 00:18:24,017][line: 72] ==> Running Validation...
[2024-01-07 00:18:27,047][line: 77] ==> ====Epoch:[14/100] avg_val_loss=0.20442 avg_val_acc=0.95817====
[2024-01-07 00:18:27,048][line: 78] ==> ====Validation epoch took: 03:01====
[2024-01-07 00:18:27,049][line: 79] ==> 
[2024-01-07 00:21:25,364][line: 70] ==> ====Epoch:[15/100] avg_train_loss=0.33176====
[2024-01-07 00:21:25,368][line: 71] ==> ====Training epoch took: 02:58====
[2024-01-07 00:21:25,369][line: 72] ==> Running Validation...
[2024-01-07 00:21:28,602][line: 77] ==> ====Epoch:[15/100] avg_val_loss=0.46054 avg_val_acc=0.89981====
[2024-01-07 00:21:28,603][line: 78] ==> ====Validation epoch took: 03:01====
[2024-01-07 00:21:28,604][line: 79] ==> 
[2024-01-07 00:24:27,401][line: 70] ==> ====Epoch:[16/100] avg_train_loss=0.46996====
[2024-01-07 00:24:27,404][line: 71] ==> ====Training epoch took: 02:58====
[2024-01-07 00:24:27,405][line: 72] ==> Running Validation...
[2024-01-07 00:24:30,687][line: 77] ==> ====Epoch:[16/100] avg_val_loss=0.45313 avg_val_acc=0.89981====
[2024-01-07 00:24:30,690][line: 78] ==> ====Validation epoch took: 03:02====
[2024-01-07 00:24:30,692][line: 79] ==> 
[2024-01-07 00:27:27,303][line: 70] ==> ====Epoch:[17/100] avg_train_loss=0.47147====
[2024-01-07 00:27:27,307][line: 71] ==> ====Training epoch took: 02:56====
[2024-01-07 00:27:27,308][line: 72] ==> Running Validation...
[2024-01-07 00:27:30,548][line: 77] ==> ====Epoch:[17/100] avg_val_loss=0.44667 avg_val_acc=0.89981====
[2024-01-07 00:27:30,550][line: 78] ==> ====Validation epoch took: 02:59====
[2024-01-07 00:27:30,552][line: 79] ==> 
[2024-01-07 00:30:28,925][line: 70] ==> ====Epoch:[18/100] avg_train_loss=0.46995====
[2024-01-07 00:30:28,928][line: 71] ==> ====Training epoch took: 02:58====
[2024-01-07 00:30:28,929][line: 72] ==> Running Validation...
[2024-01-07 00:30:32,019][line: 77] ==> ====Epoch:[18/100] avg_val_loss=0.45034 avg_val_acc=0.89981====
[2024-01-07 00:30:32,020][line: 78] ==> ====Validation epoch took: 03:01====
[2024-01-07 00:30:32,022][line: 79] ==> 
[2024-01-07 00:33:29,024][line: 70] ==> ====Epoch:[19/100] avg_train_loss=0.47233====
[2024-01-07 00:33:29,027][line: 71] ==> ====Training epoch took: 02:57====
[2024-01-07 00:33:29,029][line: 72] ==> Running Validation...
[2024-01-07 00:33:32,043][line: 77] ==> ====Epoch:[19/100] avg_val_loss=0.44363 avg_val_acc=0.89981====
[2024-01-07 00:33:32,045][line: 78] ==> ====Validation epoch took: 03:00====
[2024-01-07 00:33:32,046][line: 79] ==> 
[2024-01-07 00:36:30,732][line: 70] ==> ====Epoch:[20/100] avg_train_loss=0.47013====
[2024-01-07 00:36:30,735][line: 71] ==> ====Training epoch took: 02:58====
[2024-01-07 00:36:30,736][line: 72] ==> Running Validation...
[2024-01-07 00:36:33,881][line: 77] ==> ====Epoch:[20/100] avg_val_loss=0.44227 avg_val_acc=0.89981====
[2024-01-07 00:36:33,882][line: 78] ==> ====Validation epoch took: 03:01====
[2024-01-07 00:36:33,883][line: 79] ==> 
[2024-01-07 00:39:33,398][line: 70] ==> ====Epoch:[21/100] avg_train_loss=0.47048====
[2024-01-07 00:39:33,400][line: 71] ==> ====Training epoch took: 02:59====
[2024-01-07 00:39:33,401][line: 72] ==> Running Validation...
[2024-01-07 00:39:36,701][line: 77] ==> ====Epoch:[21/100] avg_val_loss=0.44250 avg_val_acc=0.89981====
[2024-01-07 00:39:36,703][line: 78] ==> ====Validation epoch took: 03:02====
[2024-01-07 00:39:36,703][line: 79] ==> 
[2024-01-07 00:42:42,072][line: 70] ==> ====Epoch:[22/100] avg_train_loss=0.47011====
[2024-01-07 00:42:42,075][line: 71] ==> ====Training epoch took: 03:05====
[2024-01-07 00:42:42,077][line: 72] ==> Running Validation...
[2024-01-07 00:42:45,211][line: 77] ==> ====Epoch:[22/100] avg_val_loss=0.44018 avg_val_acc=0.89981====
[2024-01-07 00:42:45,213][line: 78] ==> ====Validation epoch took: 03:08====
[2024-01-07 00:42:45,214][line: 79] ==> 
[2024-01-07 00:45:48,947][line: 70] ==> ====Epoch:[23/100] avg_train_loss=0.46903====
[2024-01-07 00:45:48,956][line: 71] ==> ====Training epoch took: 03:03====
[2024-01-07 00:45:48,958][line: 72] ==> Running Validation...
[2024-01-07 00:45:52,010][line: 77] ==> ====Epoch:[23/100] avg_val_loss=0.44238 avg_val_acc=0.89981====
[2024-01-07 00:45:52,012][line: 78] ==> ====Validation epoch took: 03:06====
[2024-01-07 00:45:52,013][line: 79] ==> 
[2024-01-07 00:48:56,223][line: 70] ==> ====Epoch:[24/100] avg_train_loss=0.46985====
[2024-01-07 00:48:56,226][line: 71] ==> ====Training epoch took: 03:04====
[2024-01-07 00:48:56,228][line: 72] ==> Running Validation...
[2024-01-07 00:48:59,648][line: 77] ==> ====Epoch:[24/100] avg_val_loss=0.43867 avg_val_acc=0.89981====
[2024-01-07 00:48:59,650][line: 78] ==> ====Validation epoch took: 03:07====
[2024-01-07 00:48:59,652][line: 79] ==> 
[2024-01-07 00:52:04,305][line: 70] ==> ====Epoch:[25/100] avg_train_loss=0.46910====
[2024-01-07 00:52:04,308][line: 71] ==> ====Training epoch took: 03:04====
[2024-01-07 00:52:04,310][line: 72] ==> Running Validation...
[2024-01-07 00:52:07,869][line: 77] ==> ====Epoch:[25/100] avg_val_loss=0.43914 avg_val_acc=0.89981====
[2024-01-07 00:52:07,871][line: 78] ==> ====Validation epoch took: 03:08====
[2024-01-07 00:52:07,873][line: 79] ==> 
[2024-01-07 00:55:14,608][line: 70] ==> ====Epoch:[26/100] avg_train_loss=0.46894====
[2024-01-07 00:55:14,612][line: 71] ==> ====Training epoch took: 03:06====
[2024-01-07 00:55:14,613][line: 72] ==> Running Validation...
[2024-01-07 00:55:18,050][line: 77] ==> ====Epoch:[26/100] avg_val_loss=0.44068 avg_val_acc=0.89981====
[2024-01-07 00:55:18,052][line: 78] ==> ====Validation epoch took: 03:10====
[2024-01-07 00:55:18,054][line: 79] ==> 
[2024-01-07 00:58:23,426][line: 70] ==> ====Epoch:[27/100] avg_train_loss=0.47039====
[2024-01-07 00:58:23,430][line: 71] ==> ====Training epoch took: 03:05====
[2024-01-07 00:58:23,432][line: 72] ==> Running Validation...
[2024-01-07 00:58:26,969][line: 77] ==> ====Epoch:[27/100] avg_val_loss=0.44013 avg_val_acc=0.89981====
[2024-01-07 00:58:26,971][line: 78] ==> ====Validation epoch took: 03:08====
[2024-01-07 00:58:26,972][line: 79] ==> 
[2024-01-07 01:01:32,403][line: 70] ==> ====Epoch:[28/100] avg_train_loss=0.47038====
[2024-01-07 01:01:32,407][line: 71] ==> ====Training epoch took: 03:05====
[2024-01-07 01:01:32,409][line: 72] ==> Running Validation...
[2024-01-07 01:01:35,633][line: 77] ==> ====Epoch:[28/100] avg_val_loss=0.44005 avg_val_acc=0.89981====
[2024-01-07 01:01:35,635][line: 78] ==> ====Validation epoch took: 03:08====
[2024-01-07 01:01:35,637][line: 79] ==> 
[2024-01-07 01:04:41,279][line: 70] ==> ====Epoch:[29/100] avg_train_loss=0.46857====
[2024-01-07 01:04:41,283][line: 71] ==> ====Training epoch took: 03:05====
[2024-01-07 01:04:41,284][line: 72] ==> Running Validation...
[2024-01-07 01:04:44,101][line: 77] ==> ====Epoch:[29/100] avg_val_loss=0.43952 avg_val_acc=0.89981====
[2024-01-07 01:04:44,103][line: 78] ==> ====Validation epoch took: 03:08====
[2024-01-07 01:04:44,104][line: 79] ==> 
[2024-01-07 01:07:43,155][line: 70] ==> ====Epoch:[30/100] avg_train_loss=0.47045====
[2024-01-07 01:07:43,158][line: 71] ==> ====Training epoch took: 02:59====
[2024-01-07 01:07:43,160][line: 72] ==> Running Validation...
[2024-01-07 01:07:46,866][line: 77] ==> ====Epoch:[30/100] avg_val_loss=0.43875 avg_val_acc=0.89981====
[2024-01-07 01:07:46,868][line: 78] ==> ====Validation epoch took: 03:02====
[2024-01-07 01:07:46,869][line: 79] ==> 
[2024-01-07 01:10:51,674][line: 70] ==> ====Epoch:[31/100] avg_train_loss=0.46978====
[2024-01-07 01:10:51,676][line: 71] ==> ====Training epoch took: 03:04====
[2024-01-07 01:10:51,677][line: 72] ==> Running Validation...
[2024-01-07 01:10:55,207][line: 77] ==> ====Epoch:[31/100] avg_val_loss=0.44009 avg_val_acc=0.89981====
[2024-01-07 01:10:55,209][line: 78] ==> ====Validation epoch took: 03:08====
[2024-01-07 01:10:55,211][line: 79] ==> 
[2024-01-07 01:14:01,437][line: 70] ==> ====Epoch:[32/100] avg_train_loss=0.46918====
[2024-01-07 01:14:01,441][line: 71] ==> ====Training epoch took: 03:06====
[2024-01-07 01:14:01,442][line: 72] ==> Running Validation...
[2024-01-07 01:14:04,770][line: 77] ==> ====Epoch:[32/100] avg_val_loss=0.43855 avg_val_acc=0.89981====
[2024-01-07 01:14:04,772][line: 78] ==> ====Validation epoch took: 03:09====
[2024-01-07 01:14:04,773][line: 79] ==> 
[2024-01-07 01:17:00,786][line: 70] ==> ====Epoch:[33/100] avg_train_loss=0.47005====
[2024-01-07 01:17:00,790][line: 71] ==> ====Training epoch took: 02:56====
[2024-01-07 01:17:00,791][line: 72] ==> Running Validation...
[2024-01-07 01:17:04,208][line: 77] ==> ====Epoch:[33/100] avg_val_loss=0.43854 avg_val_acc=0.89981====
[2024-01-07 01:17:04,210][line: 78] ==> ====Validation epoch took: 02:59====
[2024-01-07 01:17:04,212][line: 79] ==> 
[2024-01-07 01:20:09,352][line: 70] ==> ====Epoch:[34/100] avg_train_loss=0.46865====
[2024-01-07 01:20:09,356][line: 71] ==> ====Training epoch took: 03:05====
[2024-01-07 01:20:09,357][line: 72] ==> Running Validation...
[2024-01-07 01:20:12,780][line: 77] ==> ====Epoch:[34/100] avg_val_loss=0.43839 avg_val_acc=0.89981====
[2024-01-07 01:20:12,782][line: 78] ==> ====Validation epoch took: 03:08====
[2024-01-07 01:20:12,784][line: 79] ==> 
[2024-01-07 01:23:19,498][line: 70] ==> ====Epoch:[35/100] avg_train_loss=0.46904====
[2024-01-07 01:23:19,503][line: 71] ==> ====Training epoch took: 03:06====
[2024-01-07 01:23:19,504][line: 72] ==> Running Validation...
[2024-01-07 01:23:22,972][line: 77] ==> ====Epoch:[35/100] avg_val_loss=0.43844 avg_val_acc=0.89981====
[2024-01-07 01:23:22,974][line: 78] ==> ====Validation epoch took: 03:10====
[2024-01-07 01:23:22,976][line: 79] ==> 
[2024-01-07 01:26:28,348][line: 70] ==> ====Epoch:[36/100] avg_train_loss=0.46903====
[2024-01-07 01:26:28,351][line: 71] ==> ====Training epoch took: 03:05====
[2024-01-07 01:26:28,353][line: 72] ==> Running Validation...
[2024-01-07 01:26:31,770][line: 77] ==> ====Epoch:[36/100] avg_val_loss=0.43913 avg_val_acc=0.89981====
[2024-01-07 01:26:31,772][line: 78] ==> ====Validation epoch took: 03:08====
[2024-01-07 01:26:31,773][line: 79] ==> 
[2024-01-07 01:29:37,287][line: 70] ==> ====Epoch:[37/100] avg_train_loss=0.46775====
[2024-01-07 01:29:37,291][line: 71] ==> ====Training epoch took: 03:05====
[2024-01-07 01:29:37,292][line: 72] ==> Running Validation...
[2024-01-07 01:29:40,836][line: 77] ==> ====Epoch:[37/100] avg_val_loss=0.43651 avg_val_acc=0.89981====
[2024-01-07 01:29:40,838][line: 78] ==> ====Validation epoch took: 03:09====
[2024-01-07 01:29:40,839][line: 79] ==> 
[2024-01-07 01:32:45,569][line: 70] ==> ====Epoch:[38/100] avg_train_loss=0.46874====
[2024-01-07 01:32:45,573][line: 71] ==> ====Training epoch took: 03:04====
[2024-01-07 01:32:45,575][line: 72] ==> Running Validation...
[2024-01-07 01:32:49,016][line: 77] ==> ====Epoch:[38/100] avg_val_loss=0.43763 avg_val_acc=0.89981====
[2024-01-07 01:32:49,018][line: 78] ==> ====Validation epoch took: 03:08====
[2024-01-07 01:32:49,019][line: 79] ==> 
[2024-01-07 01:35:53,326][line: 70] ==> ====Epoch:[39/100] avg_train_loss=0.46779====
[2024-01-07 01:35:53,330][line: 71] ==> ====Training epoch took: 03:04====
[2024-01-07 01:35:53,332][line: 72] ==> Running Validation...
[2024-01-07 01:35:56,831][line: 77] ==> ====Epoch:[39/100] avg_val_loss=0.43719 avg_val_acc=0.89981====
[2024-01-07 01:35:56,833][line: 78] ==> ====Validation epoch took: 03:07====
[2024-01-07 01:35:56,835][line: 79] ==> 
[2024-01-07 01:39:02,174][line: 70] ==> ====Epoch:[40/100] avg_train_loss=0.46920====
[2024-01-07 01:39:02,177][line: 71] ==> ====Training epoch took: 03:05====
[2024-01-07 01:39:02,180][line: 72] ==> Running Validation...
[2024-01-07 01:39:05,646][line: 77] ==> ====Epoch:[40/100] avg_val_loss=0.43975 avg_val_acc=0.89981====
[2024-01-07 01:39:05,648][line: 78] ==> ====Validation epoch took: 03:08====
[2024-01-07 01:39:05,650][line: 79] ==> 
[2024-01-07 01:42:11,259][line: 70] ==> ====Epoch:[41/100] avg_train_loss=0.46917====
[2024-01-07 01:42:11,262][line: 71] ==> ====Training epoch took: 03:05====
[2024-01-07 01:42:11,265][line: 72] ==> Running Validation...
[2024-01-07 01:42:14,077][line: 77] ==> ====Epoch:[41/100] avg_val_loss=0.43806 avg_val_acc=0.89981====
[2024-01-07 01:42:14,077][line: 78] ==> ====Validation epoch took: 03:08====
[2024-01-07 01:42:14,079][line: 79] ==> 
[2024-01-07 01:45:14,661][line: 70] ==> ====Epoch:[42/100] avg_train_loss=0.46872====
[2024-01-07 01:45:14,665][line: 71] ==> ====Training epoch took: 03:00====
[2024-01-07 01:45:14,667][line: 72] ==> Running Validation...
[2024-01-07 01:45:18,092][line: 77] ==> ====Epoch:[42/100] avg_val_loss=0.43759 avg_val_acc=0.89981====
[2024-01-07 01:45:18,094][line: 78] ==> ====Validation epoch took: 03:04====
[2024-01-07 01:45:18,095][line: 79] ==> 
[2024-01-07 01:48:24,101][line: 70] ==> ====Epoch:[43/100] avg_train_loss=0.46768====
[2024-01-07 01:48:24,104][line: 71] ==> ====Training epoch took: 03:06====
[2024-01-07 01:48:24,106][line: 72] ==> Running Validation...
[2024-01-07 01:48:27,656][line: 77] ==> ====Epoch:[43/100] avg_val_loss=0.43859 avg_val_acc=0.89981====
[2024-01-07 01:48:27,658][line: 78] ==> ====Validation epoch took: 03:09====
[2024-01-07 01:48:27,661][line: 79] ==> 
[2024-01-07 01:51:34,120][line: 70] ==> ====Epoch:[44/100] avg_train_loss=0.46875====
[2024-01-07 01:51:34,123][line: 71] ==> ====Training epoch took: 03:06====
[2024-01-07 01:51:34,125][line: 72] ==> Running Validation...
[2024-01-07 01:51:37,537][line: 77] ==> ====Epoch:[44/100] avg_val_loss=0.43769 avg_val_acc=0.89981====
[2024-01-07 01:51:37,539][line: 78] ==> ====Validation epoch took: 03:09====
[2024-01-07 01:51:37,541][line: 79] ==> 
[2024-01-07 01:54:43,901][line: 70] ==> ====Epoch:[45/100] avg_train_loss=0.46897====
[2024-01-07 01:54:43,905][line: 71] ==> ====Training epoch took: 03:06====
[2024-01-07 01:54:43,906][line: 72] ==> Running Validation...
[2024-01-07 01:54:47,218][line: 77] ==> ====Epoch:[45/100] avg_val_loss=0.43742 avg_val_acc=0.89981====
[2024-01-07 01:54:47,219][line: 78] ==> ====Validation epoch took: 03:09====
[2024-01-07 01:54:47,220][line: 79] ==> 
[2024-01-07 01:57:52,757][line: 70] ==> ====Epoch:[46/100] avg_train_loss=0.46706====
[2024-01-07 01:57:52,761][line: 71] ==> ====Training epoch took: 03:05====
[2024-01-07 01:57:52,762][line: 72] ==> Running Validation...
[2024-01-07 01:57:56,262][line: 77] ==> ====Epoch:[46/100] avg_val_loss=0.43580 avg_val_acc=0.89981====
[2024-01-07 01:57:56,264][line: 78] ==> ====Validation epoch took: 03:09====
[2024-01-07 01:57:56,265][line: 79] ==> 
[2024-01-07 02:01:02,489][line: 70] ==> ====Epoch:[47/100] avg_train_loss=0.46890====
[2024-01-07 02:01:02,492][line: 71] ==> ====Training epoch took: 03:06====
[2024-01-07 02:01:02,494][line: 72] ==> Running Validation...
[2024-01-07 02:01:05,973][line: 77] ==> ====Epoch:[47/100] avg_val_loss=0.43778 avg_val_acc=0.89981====
[2024-01-07 02:01:05,974][line: 78] ==> ====Validation epoch took: 03:09====
[2024-01-07 02:01:05,976][line: 79] ==> 
[2024-01-07 02:04:09,990][line: 70] ==> ====Epoch:[48/100] avg_train_loss=0.46821====
[2024-01-07 02:04:09,993][line: 71] ==> ====Training epoch took: 03:04====
[2024-01-07 02:04:09,995][line: 72] ==> Running Validation...
[2024-01-07 02:04:13,511][line: 77] ==> ====Epoch:[48/100] avg_val_loss=0.43744 avg_val_acc=0.89981====
[2024-01-07 02:04:13,513][line: 78] ==> ====Validation epoch took: 03:07====
[2024-01-07 02:04:13,515][line: 79] ==> 
[2024-01-07 02:07:18,234][line: 70] ==> ====Epoch:[49/100] avg_train_loss=0.46827====
[2024-01-07 02:07:18,237][line: 71] ==> ====Training epoch took: 03:04====
[2024-01-07 02:07:18,238][line: 72] ==> Running Validation...
[2024-01-07 02:07:21,640][line: 77] ==> ====Epoch:[49/100] avg_val_loss=0.43735 avg_val_acc=0.89981====
[2024-01-07 02:07:21,641][line: 78] ==> ====Validation epoch took: 03:08====
[2024-01-07 02:07:21,643][line: 79] ==> 
[2024-01-07 02:10:20,809][line: 70] ==> ====Epoch:[50/100] avg_train_loss=0.46842====
[2024-01-07 02:10:20,812][line: 71] ==> ====Training epoch took: 02:59====
[2024-01-07 02:10:20,814][line: 72] ==> Running Validation...
[2024-01-07 02:10:24,231][line: 77] ==> ====Epoch:[50/100] avg_val_loss=0.43758 avg_val_acc=0.89981====
[2024-01-07 02:10:24,233][line: 78] ==> ====Validation epoch took: 03:02====
[2024-01-07 02:10:24,234][line: 79] ==> 
[2024-01-07 02:13:29,378][line: 70] ==> ====Epoch:[51/100] avg_train_loss=0.46762====
[2024-01-07 02:13:29,381][line: 71] ==> ====Training epoch took: 03:05====
[2024-01-07 02:13:29,383][line: 72] ==> Running Validation...
[2024-01-07 02:13:32,910][line: 77] ==> ====Epoch:[51/100] avg_val_loss=0.43750 avg_val_acc=0.89981====
[2024-01-07 02:13:32,913][line: 78] ==> ====Validation epoch took: 03:08====
[2024-01-07 02:13:32,915][line: 79] ==> 
[2024-01-07 02:16:37,949][line: 70] ==> ====Epoch:[52/100] avg_train_loss=0.46761====
[2024-01-07 02:16:37,952][line: 71] ==> ====Training epoch took: 03:05====
[2024-01-07 02:16:37,954][line: 72] ==> Running Validation...
[2024-01-07 02:16:41,449][line: 77] ==> ====Epoch:[52/100] avg_val_loss=0.43670 avg_val_acc=0.89981====
[2024-01-07 02:16:41,451][line: 78] ==> ====Validation epoch took: 03:08====
[2024-01-07 02:16:41,452][line: 79] ==> 
[2024-01-07 02:19:46,788][line: 70] ==> ====Epoch:[53/100] avg_train_loss=0.46841====
[2024-01-07 02:19:46,792][line: 71] ==> ====Training epoch took: 03:05====
[2024-01-07 02:19:46,793][line: 72] ==> Running Validation...
[2024-01-07 02:19:49,889][line: 77] ==> ====Epoch:[53/100] avg_val_loss=0.43737 avg_val_acc=0.89981====
[2024-01-07 02:19:49,890][line: 78] ==> ====Validation epoch took: 03:08====
[2024-01-07 02:19:49,891][line: 79] ==> 
[2024-01-07 02:22:55,759][line: 70] ==> ====Epoch:[54/100] avg_train_loss=0.46802====
[2024-01-07 02:22:55,762][line: 71] ==> ====Training epoch took: 03:05====
[2024-01-07 02:22:55,764][line: 72] ==> Running Validation...
[2024-01-07 02:22:59,354][line: 77] ==> ====Epoch:[54/100] avg_val_loss=0.43783 avg_val_acc=0.89981====
[2024-01-07 02:22:59,356][line: 78] ==> ====Validation epoch took: 03:09====
[2024-01-07 02:22:59,358][line: 79] ==> 
[2024-01-07 02:26:06,303][line: 70] ==> ====Epoch:[55/100] avg_train_loss=0.46762====
[2024-01-07 02:26:06,307][line: 71] ==> ====Training epoch took: 03:06====
[2024-01-07 02:26:06,309][line: 72] ==> Running Validation...
[2024-01-07 02:26:09,874][line: 77] ==> ====Epoch:[55/100] avg_val_loss=0.43644 avg_val_acc=0.89981====
[2024-01-07 02:26:09,875][line: 78] ==> ====Validation epoch took: 03:10====
[2024-01-07 02:26:09,877][line: 79] ==> 
[2024-01-07 02:29:15,132][line: 70] ==> ====Epoch:[56/100] avg_train_loss=0.46793====
[2024-01-07 02:29:15,136][line: 71] ==> ====Training epoch took: 03:05====
[2024-01-07 02:29:15,137][line: 72] ==> Running Validation...
[2024-01-07 02:29:18,614][line: 77] ==> ====Epoch:[56/100] avg_val_loss=0.43725 avg_val_acc=0.89981====
[2024-01-07 02:29:18,616][line: 78] ==> ====Validation epoch took: 03:08====
[2024-01-07 02:29:18,618][line: 79] ==> 
[2024-01-07 02:32:24,852][line: 70] ==> ====Epoch:[57/100] avg_train_loss=0.46821====
[2024-01-07 02:32:24,856][line: 71] ==> ====Training epoch took: 03:06====
[2024-01-07 02:32:24,858][line: 72] ==> Running Validation...
[2024-01-07 02:32:28,287][line: 77] ==> ====Epoch:[57/100] avg_val_loss=0.43638 avg_val_acc=0.89981====
[2024-01-07 02:32:28,289][line: 78] ==> ====Validation epoch took: 03:09====
[2024-01-07 02:32:28,290][line: 79] ==> 
[2024-01-07 02:35:33,319][line: 70] ==> ====Epoch:[58/100] avg_train_loss=0.46713====
[2024-01-07 02:35:33,323][line: 71] ==> ====Training epoch took: 03:05====
[2024-01-07 02:35:33,325][line: 72] ==> Running Validation...
[2024-01-07 02:35:36,837][line: 77] ==> ====Epoch:[58/100] avg_val_loss=0.43815 avg_val_acc=0.89981====
[2024-01-07 02:35:36,838][line: 78] ==> ====Validation epoch took: 03:08====
[2024-01-07 02:35:36,840][line: 79] ==> 
[2024-01-07 02:38:41,035][line: 70] ==> ====Epoch:[59/100] avg_train_loss=0.46771====
[2024-01-07 02:38:41,038][line: 71] ==> ====Training epoch took: 03:04====
[2024-01-07 02:38:41,041][line: 72] ==> Running Validation...
[2024-01-07 02:38:44,461][line: 77] ==> ====Epoch:[59/100] avg_val_loss=0.43655 avg_val_acc=0.89981====
[2024-01-07 02:38:44,463][line: 78] ==> ====Validation epoch took: 03:07====
[2024-01-07 02:38:44,465][line: 79] ==> 
[2024-01-07 02:41:49,301][line: 70] ==> ====Epoch:[60/100] avg_train_loss=0.46801====
[2024-01-07 02:41:49,305][line: 71] ==> ====Training epoch took: 03:04====
[2024-01-07 02:41:49,306][line: 72] ==> Running Validation...
[2024-01-07 02:41:52,814][line: 77] ==> ====Epoch:[60/100] avg_val_loss=0.43670 avg_val_acc=0.89981====
[2024-01-07 02:41:52,816][line: 78] ==> ====Validation epoch took: 03:08====
[2024-01-07 02:41:52,818][line: 79] ==> 
[2024-01-07 02:44:58,921][line: 70] ==> ====Epoch:[61/100] avg_train_loss=0.46731====
[2024-01-07 02:44:58,924][line: 71] ==> ====Training epoch took: 03:06====
[2024-01-07 02:44:58,925][line: 72] ==> Running Validation...
[2024-01-07 02:45:02,470][line: 77] ==> ====Epoch:[61/100] avg_val_loss=0.43676 avg_val_acc=0.89981====
[2024-01-07 02:45:02,471][line: 78] ==> ====Validation epoch took: 03:09====
[2024-01-07 02:45:02,471][line: 79] ==> 
[2024-01-07 02:48:02,556][line: 70] ==> ====Epoch:[62/100] avg_train_loss=0.46811====
[2024-01-07 02:48:02,560][line: 71] ==> ====Training epoch took: 03:00====
[2024-01-07 02:48:02,561][line: 72] ==> Running Validation...
[2024-01-07 02:48:05,775][line: 77] ==> ====Epoch:[62/100] avg_val_loss=0.43706 avg_val_acc=0.89981====
[2024-01-07 02:48:05,776][line: 78] ==> ====Validation epoch took: 03:03====
[2024-01-07 02:48:05,778][line: 79] ==> 
[2024-01-07 02:51:10,447][line: 70] ==> ====Epoch:[63/100] avg_train_loss=0.46617====
[2024-01-07 02:51:10,451][line: 71] ==> ====Training epoch took: 03:04====
[2024-01-07 02:51:10,452][line: 72] ==> Running Validation...
[2024-01-07 02:51:13,821][line: 77] ==> ====Epoch:[63/100] avg_val_loss=0.43816 avg_val_acc=0.89981====
[2024-01-07 02:51:13,823][line: 78] ==> ====Validation epoch took: 03:08====
[2024-01-07 02:51:13,824][line: 79] ==> 
[2024-01-07 02:54:18,094][line: 70] ==> ====Epoch:[64/100] avg_train_loss=0.46692====
[2024-01-07 02:54:18,097][line: 71] ==> ====Training epoch took: 03:04====
[2024-01-07 02:54:18,099][line: 72] ==> Running Validation...
[2024-01-07 02:54:21,500][line: 77] ==> ====Epoch:[64/100] avg_val_loss=0.43809 avg_val_acc=0.89981====
[2024-01-07 02:54:21,502][line: 78] ==> ====Validation epoch took: 03:07====
[2024-01-07 02:54:21,503][line: 79] ==> 
[2024-01-07 02:57:25,915][line: 70] ==> ====Epoch:[65/100] avg_train_loss=0.46691====
[2024-01-07 02:57:25,919][line: 71] ==> ====Training epoch took: 03:04====
[2024-01-07 02:57:25,920][line: 72] ==> Running Validation...
[2024-01-07 02:57:29,406][line: 77] ==> ====Epoch:[65/100] avg_val_loss=0.43654 avg_val_acc=0.89981====
[2024-01-07 02:57:29,408][line: 78] ==> ====Validation epoch took: 03:07====
[2024-01-07 02:57:29,410][line: 79] ==> 
[2024-01-07 03:00:32,799][line: 70] ==> ====Epoch:[66/100] avg_train_loss=0.46740====
[2024-01-07 03:00:32,801][line: 71] ==> ====Training epoch took: 03:03====
[2024-01-07 03:00:32,802][line: 72] ==> Running Validation...
[2024-01-07 03:00:36,232][line: 77] ==> ====Epoch:[66/100] avg_val_loss=0.43769 avg_val_acc=0.89981====
[2024-01-07 03:00:36,234][line: 78] ==> ====Validation epoch took: 03:06====
[2024-01-07 03:00:36,235][line: 79] ==> 
[2024-01-07 03:03:40,369][line: 70] ==> ====Epoch:[67/100] avg_train_loss=0.46790====
[2024-01-07 03:03:40,372][line: 71] ==> ====Training epoch took: 03:04====
[2024-01-07 03:03:40,374][line: 72] ==> Running Validation...
[2024-01-07 03:03:43,845][line: 77] ==> ====Epoch:[67/100] avg_val_loss=0.43637 avg_val_acc=0.89981====
[2024-01-07 03:03:43,849][line: 78] ==> ====Validation epoch took: 03:07====
[2024-01-07 03:03:43,850][line: 79] ==> 
[2024-01-07 03:06:49,042][line: 70] ==> ====Epoch:[68/100] avg_train_loss=0.46650====
[2024-01-07 03:06:49,046][line: 71] ==> ====Training epoch took: 03:05====
[2024-01-07 03:06:49,048][line: 72] ==> Running Validation...
[2024-01-07 03:06:52,465][line: 77] ==> ====Epoch:[68/100] avg_val_loss=0.43861 avg_val_acc=0.89981====
[2024-01-07 03:06:52,467][line: 78] ==> ====Validation epoch took: 03:08====
[2024-01-07 03:06:52,469][line: 79] ==> 
[2024-01-07 03:09:56,337][line: 70] ==> ====Epoch:[69/100] avg_train_loss=0.46726====
[2024-01-07 03:09:56,339][line: 71] ==> ====Training epoch took: 03:03====
[2024-01-07 03:09:56,340][line: 72] ==> Running Validation...
[2024-01-07 03:09:59,296][line: 77] ==> ====Epoch:[69/100] avg_val_loss=0.43704 avg_val_acc=0.89981====
[2024-01-07 03:09:59,297][line: 78] ==> ====Validation epoch took: 03:06====
[2024-01-07 03:09:59,298][line: 79] ==> 
[2024-01-07 03:12:58,439][line: 70] ==> ====Epoch:[70/100] avg_train_loss=0.46680====
[2024-01-07 03:12:58,442][line: 71] ==> ====Training epoch took: 02:59====
[2024-01-07 03:12:58,444][line: 72] ==> Running Validation...
[2024-01-07 03:13:01,966][line: 77] ==> ====Epoch:[70/100] avg_val_loss=0.43773 avg_val_acc=0.89981====
[2024-01-07 03:13:01,968][line: 78] ==> ====Validation epoch took: 03:02====
[2024-01-07 03:13:01,970][line: 79] ==> 
[2024-01-07 03:16:06,362][line: 70] ==> ====Epoch:[71/100] avg_train_loss=0.46841====
[2024-01-07 03:16:06,365][line: 71] ==> ====Training epoch took: 03:04====
[2024-01-07 03:16:06,367][line: 72] ==> Running Validation...
[2024-01-07 03:16:09,804][line: 77] ==> ====Epoch:[71/100] avg_val_loss=0.43723 avg_val_acc=0.89981====
[2024-01-07 03:16:09,807][line: 78] ==> ====Validation epoch took: 03:07====
[2024-01-07 03:16:09,809][line: 79] ==> 
[2024-01-07 03:19:14,352][line: 70] ==> ====Epoch:[72/100] avg_train_loss=0.46734====
[2024-01-07 03:19:14,355][line: 71] ==> ====Training epoch took: 03:04====
[2024-01-07 03:19:14,357][line: 72] ==> Running Validation...
[2024-01-07 03:19:17,881][line: 77] ==> ====Epoch:[72/100] avg_val_loss=0.43786 avg_val_acc=0.89981====
[2024-01-07 03:19:17,883][line: 78] ==> ====Validation epoch took: 03:08====
[2024-01-07 03:19:17,884][line: 79] ==> 
[2024-01-07 03:22:23,988][line: 70] ==> ====Epoch:[73/100] avg_train_loss=0.46660====
[2024-01-07 03:22:23,992][line: 71] ==> ====Training epoch took: 03:06====
[2024-01-07 03:22:23,994][line: 72] ==> Running Validation...
[2024-01-07 03:22:27,540][line: 77] ==> ====Epoch:[73/100] avg_val_loss=0.43729 avg_val_acc=0.89981====
[2024-01-07 03:22:27,542][line: 78] ==> ====Validation epoch took: 03:09====
[2024-01-07 03:22:27,543][line: 79] ==> 
[2024-01-07 03:25:33,818][line: 70] ==> ====Epoch:[74/100] avg_train_loss=0.46673====
[2024-01-07 03:25:33,822][line: 71] ==> ====Training epoch took: 03:06====
[2024-01-07 03:25:33,824][line: 72] ==> Running Validation...
[2024-01-07 03:25:37,336][line: 77] ==> ====Epoch:[74/100] avg_val_loss=0.43746 avg_val_acc=0.89981====
[2024-01-07 03:25:37,338][line: 78] ==> ====Validation epoch took: 03:09====
[2024-01-07 03:25:37,339][line: 79] ==> 
[2024-01-07 03:28:41,267][line: 70] ==> ====Epoch:[75/100] avg_train_loss=0.46681====
[2024-01-07 03:28:41,270][line: 71] ==> ====Training epoch took: 03:03====
[2024-01-07 03:28:41,271][line: 72] ==> Running Validation...
[2024-01-07 03:28:44,685][line: 77] ==> ====Epoch:[75/100] avg_val_loss=0.43686 avg_val_acc=0.89981====
[2024-01-07 03:28:44,687][line: 78] ==> ====Validation epoch took: 03:07====
[2024-01-07 03:28:44,689][line: 79] ==> 
[2024-01-07 03:31:48,858][line: 70] ==> ====Epoch:[76/100] avg_train_loss=0.46725====
[2024-01-07 03:31:48,861][line: 71] ==> ====Training epoch took: 03:04====
[2024-01-07 03:31:48,863][line: 72] ==> Running Validation...
[2024-01-07 03:31:52,290][line: 77] ==> ====Epoch:[76/100] avg_val_loss=0.43720 avg_val_acc=0.89981====
[2024-01-07 03:31:52,291][line: 78] ==> ====Validation epoch took: 03:07====
[2024-01-07 03:31:52,293][line: 79] ==> 
[2024-01-07 03:34:58,923][line: 70] ==> ====Epoch:[77/100] avg_train_loss=0.46788====
[2024-01-07 03:34:58,926][line: 71] ==> ====Training epoch took: 03:06====
[2024-01-07 03:34:58,928][line: 72] ==> Running Validation...
[2024-01-07 03:35:01,786][line: 77] ==> ====Epoch:[77/100] avg_val_loss=0.43776 avg_val_acc=0.89981====
[2024-01-07 03:35:01,788][line: 78] ==> ====Validation epoch took: 03:09====
[2024-01-07 03:35:01,789][line: 79] ==> 
[2024-01-07 03:37:53,970][line: 70] ==> ====Epoch:[78/100] avg_train_loss=0.46680====
[2024-01-07 03:37:53,973][line: 71] ==> ====Training epoch took: 02:52====
[2024-01-07 03:37:53,975][line: 72] ==> Running Validation...
[2024-01-07 03:37:57,403][line: 77] ==> ====Epoch:[78/100] avg_val_loss=0.43839 avg_val_acc=0.89981====
[2024-01-07 03:37:57,405][line: 78] ==> ====Validation epoch took: 02:55====
[2024-01-07 03:37:57,407][line: 79] ==> 
[2024-01-07 03:41:04,119][line: 70] ==> ====Epoch:[79/100] avg_train_loss=0.46670====
[2024-01-07 03:41:04,123][line: 71] ==> ====Training epoch took: 03:06====
[2024-01-07 03:41:04,125][line: 72] ==> Running Validation...
[2024-01-07 03:41:07,619][line: 77] ==> ====Epoch:[79/100] avg_val_loss=0.43786 avg_val_acc=0.89981====
[2024-01-07 03:41:07,622][line: 78] ==> ====Validation epoch took: 03:10====
[2024-01-07 03:41:07,623][line: 79] ==> 
[2024-01-07 03:44:12,916][line: 70] ==> ====Epoch:[80/100] avg_train_loss=0.46685====
[2024-01-07 03:44:12,919][line: 71] ==> ====Training epoch took: 03:05====
[2024-01-07 03:44:12,922][line: 72] ==> Running Validation...
[2024-01-07 03:44:16,352][line: 77] ==> ====Epoch:[80/100] avg_val_loss=0.43794 avg_val_acc=0.89981====
[2024-01-07 03:44:16,355][line: 78] ==> ====Validation epoch took: 03:08====
[2024-01-07 03:44:16,356][line: 79] ==> 
[2024-01-07 03:47:21,390][line: 70] ==> ====Epoch:[81/100] avg_train_loss=0.46670====
[2024-01-07 03:47:21,394][line: 71] ==> ====Training epoch took: 03:05====
[2024-01-07 03:47:21,395][line: 72] ==> Running Validation...
[2024-01-07 03:47:24,842][line: 77] ==> ====Epoch:[81/100] avg_val_loss=0.43779 avg_val_acc=0.89981====
[2024-01-07 03:47:24,843][line: 78] ==> ====Validation epoch took: 03:08====
[2024-01-07 03:47:24,845][line: 79] ==> 
[2024-01-07 03:50:29,843][line: 70] ==> ====Epoch:[82/100] avg_train_loss=0.46723====
[2024-01-07 03:50:29,845][line: 71] ==> ====Training epoch took: 03:04====
[2024-01-07 03:50:29,847][line: 72] ==> Running Validation...
[2024-01-07 03:50:33,324][line: 77] ==> ====Epoch:[82/100] avg_val_loss=0.43817 avg_val_acc=0.89981====
[2024-01-07 03:50:33,326][line: 78] ==> ====Validation epoch took: 03:08====
[2024-01-07 03:50:33,328][line: 79] ==> 
[2024-01-07 03:53:37,673][line: 70] ==> ====Epoch:[83/100] avg_train_loss=0.46718====
[2024-01-07 03:53:37,676][line: 71] ==> ====Training epoch took: 03:04====
[2024-01-07 03:53:37,678][line: 72] ==> Running Validation...
[2024-01-07 03:53:40,738][line: 77] ==> ====Epoch:[83/100] avg_val_loss=0.43741 avg_val_acc=0.89981====
[2024-01-07 03:53:40,739][line: 78] ==> ====Validation epoch took: 03:07====
[2024-01-07 03:53:40,741][line: 79] ==> 
[2024-01-07 03:56:46,927][line: 70] ==> ====Epoch:[84/100] avg_train_loss=0.46684====
[2024-01-07 03:56:46,930][line: 71] ==> ====Training epoch took: 03:06====
[2024-01-07 03:56:46,932][line: 72] ==> Running Validation...
[2024-01-07 03:56:50,457][line: 77] ==> ====Epoch:[84/100] avg_val_loss=0.43777 avg_val_acc=0.89981====
[2024-01-07 03:56:50,459][line: 78] ==> ====Validation epoch took: 03:09====
[2024-01-07 03:56:50,460][line: 79] ==> 
[2024-01-07 03:59:55,213][line: 70] ==> ====Epoch:[85/100] avg_train_loss=0.46672====
[2024-01-07 03:59:55,217][line: 71] ==> ====Training epoch took: 03:04====
[2024-01-07 03:59:55,219][line: 72] ==> Running Validation...
[2024-01-07 03:59:58,703][line: 77] ==> ====Epoch:[85/100] avg_val_loss=0.43757 avg_val_acc=0.89981====
[2024-01-07 03:59:58,704][line: 78] ==> ====Validation epoch took: 03:08====
[2024-01-07 03:59:58,706][line: 79] ==> 
[2024-01-07 04:03:02,918][line: 70] ==> ====Epoch:[86/100] avg_train_loss=0.46584====
[2024-01-07 04:03:02,921][line: 71] ==> ====Training epoch took: 03:04====
[2024-01-07 04:03:02,924][line: 72] ==> Running Validation...
[2024-01-07 04:03:06,382][line: 77] ==> ====Epoch:[86/100] avg_val_loss=0.43755 avg_val_acc=0.89981====
[2024-01-07 04:03:06,385][line: 78] ==> ====Validation epoch took: 03:07====
[2024-01-07 04:03:06,387][line: 79] ==> 
[2024-01-07 04:06:10,929][line: 70] ==> ====Epoch:[87/100] avg_train_loss=0.46665====
[2024-01-07 04:06:10,933][line: 71] ==> ====Training epoch took: 03:04====
[2024-01-07 04:06:10,934][line: 72] ==> Running Validation...
[2024-01-07 04:06:14,339][line: 77] ==> ====Epoch:[87/100] avg_val_loss=0.43730 avg_val_acc=0.89981====
[2024-01-07 04:06:14,341][line: 78] ==> ====Validation epoch took: 03:07====
[2024-01-07 04:06:14,342][line: 79] ==> 
[2024-01-07 04:09:18,357][line: 70] ==> ====Epoch:[88/100] avg_train_loss=0.46640====
[2024-01-07 04:09:18,361][line: 71] ==> ====Training epoch took: 03:04====
[2024-01-07 04:09:18,363][line: 72] ==> Running Validation...
[2024-01-07 04:09:21,881][line: 77] ==> ====Epoch:[88/100] avg_val_loss=0.43778 avg_val_acc=0.89981====
[2024-01-07 04:09:21,882][line: 78] ==> ====Validation epoch took: 03:07====
[2024-01-07 04:09:21,884][line: 79] ==> 
[2024-01-07 04:12:27,635][line: 70] ==> ====Epoch:[89/100] avg_train_loss=0.46741====
[2024-01-07 04:12:27,638][line: 71] ==> ====Training epoch took: 03:05====
[2024-01-07 04:12:27,640][line: 72] ==> Running Validation...
[2024-01-07 04:12:30,910][line: 77] ==> ====Epoch:[89/100] avg_val_loss=0.43748 avg_val_acc=0.89981====
[2024-01-07 04:12:30,912][line: 78] ==> ====Validation epoch took: 03:09====
[2024-01-07 04:12:30,914][line: 79] ==> 
[2024-01-07 04:15:35,493][line: 70] ==> ====Epoch:[90/100] avg_train_loss=0.46626====
[2024-01-07 04:15:35,497][line: 71] ==> ====Training epoch took: 03:04====
[2024-01-07 04:15:35,498][line: 72] ==> Running Validation...
[2024-01-07 04:15:38,946][line: 77] ==> ====Epoch:[90/100] avg_val_loss=0.43756 avg_val_acc=0.89981====
[2024-01-07 04:15:38,949][line: 78] ==> ====Validation epoch took: 03:08====
[2024-01-07 04:15:38,950][line: 79] ==> 
[2024-01-07 04:18:43,631][line: 70] ==> ====Epoch:[91/100] avg_train_loss=0.46696====
[2024-01-07 04:18:43,634][line: 71] ==> ====Training epoch took: 03:04====
[2024-01-07 04:18:43,635][line: 72] ==> Running Validation...
[2024-01-07 04:18:47,066][line: 77] ==> ====Epoch:[91/100] avg_val_loss=0.43718 avg_val_acc=0.89981====
[2024-01-07 04:18:47,068][line: 78] ==> ====Validation epoch took: 03:08====
[2024-01-07 04:18:47,069][line: 79] ==> 
[2024-01-07 04:21:52,130][line: 70] ==> ====Epoch:[92/100] avg_train_loss=0.46644====
[2024-01-07 04:21:52,134][line: 71] ==> ====Training epoch took: 03:05====
[2024-01-07 04:21:52,136][line: 72] ==> Running Validation...
[2024-01-07 04:21:55,639][line: 77] ==> ====Epoch:[92/100] avg_val_loss=0.43768 avg_val_acc=0.89981====
[2024-01-07 04:21:55,641][line: 78] ==> ====Validation epoch took: 03:08====
[2024-01-07 04:21:55,642][line: 79] ==> 
[2024-01-07 04:25:00,849][line: 70] ==> ====Epoch:[93/100] avg_train_loss=0.46682====
[2024-01-07 04:25:00,853][line: 71] ==> ====Training epoch took: 03:05====
[2024-01-07 04:25:00,854][line: 72] ==> Running Validation...
[2024-01-07 04:25:04,394][line: 77] ==> ====Epoch:[93/100] avg_val_loss=0.43664 avg_val_acc=0.89981====
[2024-01-07 04:25:04,397][line: 78] ==> ====Validation epoch took: 03:08====
[2024-01-07 04:25:04,398][line: 79] ==> 
[2024-01-07 04:28:09,852][line: 70] ==> ====Epoch:[94/100] avg_train_loss=0.46553====
[2024-01-07 04:28:09,854][line: 71] ==> ====Training epoch took: 03:05====
[2024-01-07 04:28:09,855][line: 72] ==> Running Validation...
[2024-01-07 04:28:13,345][line: 77] ==> ====Epoch:[94/100] avg_val_loss=0.43700 avg_val_acc=0.89981====
[2024-01-07 04:28:13,346][line: 78] ==> ====Validation epoch took: 03:08====
[2024-01-07 04:28:13,348][line: 79] ==> 
[2024-01-07 04:31:17,978][line: 70] ==> ====Epoch:[95/100] avg_train_loss=0.46639====
[2024-01-07 04:31:17,982][line: 71] ==> ====Training epoch took: 03:04====
[2024-01-07 04:31:17,984][line: 72] ==> Running Validation...
[2024-01-07 04:31:21,552][line: 77] ==> ====Epoch:[95/100] avg_val_loss=0.43670 avg_val_acc=0.89981====
[2024-01-07 04:31:21,554][line: 78] ==> ====Validation epoch took: 03:08====
[2024-01-07 04:31:21,555][line: 79] ==> 
[2024-01-07 04:34:27,690][line: 70] ==> ====Epoch:[96/100] avg_train_loss=0.46706====
[2024-01-07 04:34:27,694][line: 71] ==> ====Training epoch took: 03:06====
[2024-01-07 04:34:27,695][line: 72] ==> Running Validation...
[2024-01-07 04:34:30,761][line: 77] ==> ====Epoch:[96/100] avg_val_loss=0.43662 avg_val_acc=0.89981====
[2024-01-07 04:34:30,763][line: 78] ==> ====Validation epoch took: 03:09====
[2024-01-07 04:34:30,764][line: 79] ==> 
[2024-01-07 04:37:29,142][line: 70] ==> ====Epoch:[97/100] avg_train_loss=0.46596====
[2024-01-07 04:37:29,145][line: 71] ==> ====Training epoch took: 02:58====
[2024-01-07 04:37:29,147][line: 72] ==> Running Validation...
[2024-01-07 04:37:32,647][line: 77] ==> ====Epoch:[97/100] avg_val_loss=0.43643 avg_val_acc=0.89981====
[2024-01-07 04:37:32,649][line: 78] ==> ====Validation epoch took: 03:01====
[2024-01-07 04:37:32,651][line: 79] ==> 
[2024-01-07 04:40:38,537][line: 70] ==> ====Epoch:[98/100] avg_train_loss=0.46623====
[2024-01-07 04:40:38,540][line: 71] ==> ====Training epoch took: 03:05====
[2024-01-07 04:40:38,542][line: 72] ==> Running Validation...
[2024-01-07 04:40:42,061][line: 77] ==> ====Epoch:[98/100] avg_val_loss=0.43639 avg_val_acc=0.89981====
[2024-01-07 04:40:42,063][line: 78] ==> ====Validation epoch took: 03:09====
[2024-01-07 04:40:42,064][line: 79] ==> 
[2024-01-07 04:43:47,495][line: 70] ==> ====Epoch:[99/100] avg_train_loss=0.46583====
[2024-01-07 04:43:47,499][line: 71] ==> ====Training epoch took: 03:05====
[2024-01-07 04:43:47,500][line: 72] ==> Running Validation...
[2024-01-07 04:43:51,084][line: 77] ==> ====Epoch:[99/100] avg_val_loss=0.43610 avg_val_acc=0.89981====
[2024-01-07 04:43:51,086][line: 78] ==> ====Validation epoch took: 03:09====
[2024-01-07 04:43:51,087][line: 79] ==> 
[2024-01-07 04:46:55,168][line: 70] ==> ====Epoch:[100/100] avg_train_loss=0.46693====
[2024-01-07 04:46:55,171][line: 71] ==> ====Training epoch took: 03:04====
[2024-01-07 04:46:55,173][line: 72] ==> Running Validation...
[2024-01-07 04:46:58,637][line: 77] ==> ====Epoch:[100/100] avg_val_loss=0.43595 avg_val_acc=0.89981====
[2024-01-07 04:46:58,639][line: 78] ==> ====Validation epoch took: 03:07====
[2024-01-07 04:46:58,640][line: 79] ==> 
[2024-01-07 04:46:59,492][line: 84] ==> 
[2024-01-07 04:46:59,495][line: 85] ==>    Training Completed!
