[2024-01-06 15:44:56,126][line: 146] ==> creating ./cache/logs/2024-01-06-15-44.log
[2024-01-06 15:44:56,127][line: 41] ==>    Train batch size = 4
[2024-01-06 15:44:56,129][line: 42] ==>    Total steps = 300000
[2024-01-06 15:44:56,131][line: 43] ==>    Training Start!
[2024-01-06 15:48:02,086][line: 70] ==> ====Epoch:[1/100] avg_train_loss=0.14749====
[2024-01-06 15:48:02,090][line: 71] ==> ====Training epoch took: 03:05====
[2024-01-06 15:48:02,092][line: 72] ==> Running Validation...
[2024-01-06 15:48:05,554][line: 77] ==> ====Epoch:[1/100] avg_val_loss=0.03977 avg_val_acc=0.99319====
[2024-01-06 15:48:05,557][line: 78] ==> ====Validation epoch took: 03:09====
[2024-01-06 15:48:05,559][line: 79] ==> 
[2024-01-06 15:51:07,241][line: 70] ==> ====Epoch:[2/100] avg_train_loss=0.08715====
[2024-01-06 15:51:07,244][line: 71] ==> ====Training epoch took: 03:01====
[2024-01-06 15:51:07,247][line: 72] ==> Running Validation...
[2024-01-06 15:51:10,617][line: 77] ==> ====Epoch:[2/100] avg_val_loss=0.02014 avg_val_acc=0.99514====
[2024-01-06 15:51:10,619][line: 78] ==> ====Validation epoch took: 03:05====
[2024-01-06 15:51:10,621][line: 79] ==> 
[2024-01-06 15:54:13,092][line: 70] ==> ====Epoch:[3/100] avg_train_loss=0.06493====
[2024-01-06 15:54:13,095][line: 71] ==> ====Training epoch took: 03:02====
[2024-01-06 15:54:13,097][line: 72] ==> Running Validation...
[2024-01-06 15:54:16,552][line: 77] ==> ====Epoch:[3/100] avg_val_loss=0.00630 avg_val_acc=0.99903====
[2024-01-06 15:54:16,554][line: 78] ==> ====Validation epoch took: 03:05====
[2024-01-06 15:54:16,556][line: 79] ==> 
[2024-01-06 15:57:19,062][line: 70] ==> ====Epoch:[4/100] avg_train_loss=0.05458====
[2024-01-06 15:57:19,066][line: 71] ==> ====Training epoch took: 03:02====
[2024-01-06 15:57:19,068][line: 72] ==> Running Validation...
[2024-01-06 15:57:22,539][line: 77] ==> ====Epoch:[4/100] avg_val_loss=0.02230 avg_val_acc=0.99708====
[2024-01-06 15:57:22,541][line: 78] ==> ====Validation epoch took: 03:05====
[2024-01-06 15:57:22,543][line: 79] ==> 
[2024-01-06 16:00:15,441][line: 70] ==> ====Epoch:[5/100] avg_train_loss=0.04389====
[2024-01-06 16:00:15,444][line: 71] ==> ====Training epoch took: 02:52====
[2024-01-06 16:00:15,446][line: 72] ==> Running Validation...
[2024-01-06 16:00:18,443][line: 77] ==> ====Epoch:[5/100] avg_val_loss=0.01679 avg_val_acc=0.99708====
[2024-01-06 16:00:18,445][line: 78] ==> ====Validation epoch took: 02:55====
[2024-01-06 16:00:18,446][line: 79] ==> 
[2024-01-06 16:03:03,172][line: 70] ==> ====Epoch:[6/100] avg_train_loss=0.04535====
[2024-01-06 16:03:03,174][line: 71] ==> ====Training epoch took: 02:44====
[2024-01-06 16:03:03,175][line: 72] ==> Running Validation...
[2024-01-06 16:03:06,203][line: 77] ==> ====Epoch:[6/100] avg_val_loss=0.03562 avg_val_acc=0.99319====
[2024-01-06 16:03:06,204][line: 78] ==> ====Validation epoch took: 02:47====
[2024-01-06 16:03:06,205][line: 79] ==> 
[2024-01-06 16:05:52,160][line: 70] ==> ====Epoch:[7/100] avg_train_loss=0.03079====
[2024-01-06 16:05:52,162][line: 71] ==> ====Training epoch took: 02:45====
[2024-01-06 16:05:52,164][line: 72] ==> Running Validation...
[2024-01-06 16:05:55,100][line: 77] ==> ====Epoch:[7/100] avg_val_loss=0.02496 avg_val_acc=0.99611====
[2024-01-06 16:05:55,101][line: 78] ==> ====Validation epoch took: 02:48====
[2024-01-06 16:05:55,102][line: 79] ==> 
[2024-01-06 16:08:42,428][line: 70] ==> ====Epoch:[8/100] avg_train_loss=0.04327====
[2024-01-06 16:08:42,431][line: 71] ==> ====Training epoch took: 02:47====
[2024-01-06 16:08:42,433][line: 72] ==> Running Validation...
[2024-01-06 16:08:45,331][line: 77] ==> ====Epoch:[8/100] avg_val_loss=0.02877 avg_val_acc=0.99514====
[2024-01-06 16:08:45,332][line: 78] ==> ====Validation epoch took: 02:50====
[2024-01-06 16:08:45,334][line: 79] ==> 
[2024-01-06 16:11:32,932][line: 70] ==> ====Epoch:[9/100] avg_train_loss=0.03328====
[2024-01-06 16:11:32,935][line: 71] ==> ====Training epoch took: 02:47====
[2024-01-06 16:11:32,936][line: 72] ==> Running Validation...
[2024-01-06 16:11:36,029][line: 77] ==> ====Epoch:[9/100] avg_val_loss=0.02279 avg_val_acc=0.99708====
[2024-01-06 16:11:36,031][line: 78] ==> ====Validation epoch took: 02:50====
[2024-01-06 16:11:36,032][line: 79] ==> 
[2024-01-06 16:14:21,976][line: 70] ==> ====Epoch:[10/100] avg_train_loss=0.02327====
[2024-01-06 16:14:21,979][line: 71] ==> ====Training epoch took: 02:45====
[2024-01-06 16:14:21,981][line: 72] ==> Running Validation...
[2024-01-06 16:14:24,475][line: 77] ==> ====Epoch:[10/100] avg_val_loss=0.03767 avg_val_acc=0.99514====
[2024-01-06 16:14:24,478][line: 78] ==> ====Validation epoch took: 02:48====
[2024-01-06 16:14:24,479][line: 79] ==> 
[2024-01-06 16:17:09,949][line: 70] ==> ====Epoch:[11/100] avg_train_loss=0.03335====
[2024-01-06 16:17:09,952][line: 71] ==> ====Training epoch took: 02:45====
[2024-01-06 16:17:09,954][line: 72] ==> Running Validation...
[2024-01-06 16:17:12,826][line: 77] ==> ====Epoch:[11/100] avg_val_loss=0.01674 avg_val_acc=0.99708====
[2024-01-06 16:17:12,828][line: 78] ==> ====Validation epoch took: 02:48====
[2024-01-06 16:17:12,829][line: 79] ==> 
[2024-01-06 16:19:59,940][line: 70] ==> ====Epoch:[12/100] avg_train_loss=0.06379====
[2024-01-06 16:19:59,943][line: 71] ==> ====Training epoch took: 02:47====
[2024-01-06 16:19:59,944][line: 72] ==> Running Validation...
[2024-01-06 16:20:02,914][line: 77] ==> ====Epoch:[12/100] avg_val_loss=0.02392 avg_val_acc=0.99611====
[2024-01-06 16:20:02,916][line: 78] ==> ====Validation epoch took: 02:50====
[2024-01-06 16:20:02,917][line: 79] ==> 
[2024-01-06 16:22:50,325][line: 70] ==> ====Epoch:[13/100] avg_train_loss=0.04123====
[2024-01-06 16:22:50,329][line: 71] ==> ====Training epoch took: 02:47====
[2024-01-06 16:22:50,331][line: 72] ==> Running Validation...
[2024-01-06 16:22:52,746][line: 77] ==> ====Epoch:[13/100] avg_val_loss=0.01312 avg_val_acc=0.99805====
[2024-01-06 16:22:52,748][line: 78] ==> ====Validation epoch took: 02:49====
[2024-01-06 16:22:52,749][line: 79] ==> 
[2024-01-06 16:25:32,984][line: 70] ==> ====Epoch:[14/100] avg_train_loss=0.04428====
[2024-01-06 16:25:32,988][line: 71] ==> ====Training epoch took: 02:40====
[2024-01-06 16:25:32,989][line: 72] ==> Running Validation...
[2024-01-06 16:25:35,895][line: 77] ==> ====Epoch:[14/100] avg_val_loss=0.04390 avg_val_acc=0.99319====
[2024-01-06 16:25:35,896][line: 78] ==> ====Validation epoch took: 02:43====
[2024-01-06 16:25:35,898][line: 79] ==> 
[2024-01-06 16:28:22,627][line: 70] ==> ====Epoch:[15/100] avg_train_loss=0.07564====
[2024-01-06 16:28:22,630][line: 71] ==> ====Training epoch took: 02:46====
[2024-01-06 16:28:22,632][line: 72] ==> Running Validation...
[2024-01-06 16:28:25,539][line: 77] ==> ====Epoch:[15/100] avg_val_loss=0.01216 avg_val_acc=0.99805====
[2024-01-06 16:28:25,541][line: 78] ==> ====Validation epoch took: 02:49====
[2024-01-06 16:28:25,542][line: 79] ==> 
[2024-01-06 16:31:13,402][line: 70] ==> ====Epoch:[16/100] avg_train_loss=0.18697====
[2024-01-06 16:31:13,405][line: 71] ==> ====Training epoch took: 02:47====
[2024-01-06 16:31:13,406][line: 72] ==> Running Validation...
[2024-01-06 16:31:16,428][line: 77] ==> ====Epoch:[16/100] avg_val_loss=0.46903 avg_val_acc=0.89981====
[2024-01-06 16:31:16,430][line: 78] ==> ====Validation epoch took: 02:50====
[2024-01-06 16:31:16,432][line: 79] ==> 
[2024-01-06 16:34:01,874][line: 70] ==> ====Epoch:[17/100] avg_train_loss=0.47275====
[2024-01-06 16:34:01,877][line: 71] ==> ====Training epoch took: 02:45====
[2024-01-06 16:34:01,878][line: 72] ==> Running Validation...
[2024-01-06 16:34:04,753][line: 77] ==> ====Epoch:[17/100] avg_val_loss=0.45126 avg_val_acc=0.89981====
[2024-01-06 16:34:04,755][line: 78] ==> ====Validation epoch took: 02:48====
[2024-01-06 16:34:04,756][line: 79] ==> 
[2024-01-06 16:36:49,137][line: 70] ==> ====Epoch:[18/100] avg_train_loss=0.47197====
[2024-01-06 16:36:49,140][line: 71] ==> ====Training epoch took: 02:44====
[2024-01-06 16:36:49,141][line: 72] ==> Running Validation...
[2024-01-06 16:36:52,031][line: 77] ==> ====Epoch:[18/100] avg_val_loss=0.44670 avg_val_acc=0.89981====
[2024-01-06 16:36:52,033][line: 78] ==> ====Validation epoch took: 02:47====
[2024-01-06 16:36:52,034][line: 79] ==> 
[2024-01-06 16:39:39,359][line: 70] ==> ====Epoch:[19/100] avg_train_loss=0.47065====
[2024-01-06 16:39:39,362][line: 71] ==> ====Training epoch took: 02:47====
[2024-01-06 16:39:39,364][line: 72] ==> Running Validation...
[2024-01-06 16:39:42,512][line: 77] ==> ====Epoch:[19/100] avg_val_loss=0.44573 avg_val_acc=0.89981====
[2024-01-06 16:39:42,514][line: 78] ==> ====Validation epoch took: 02:50====
[2024-01-06 16:39:42,515][line: 79] ==> 
[2024-01-06 16:42:28,473][line: 70] ==> ====Epoch:[20/100] avg_train_loss=0.47159====
[2024-01-06 16:42:28,477][line: 71] ==> ====Training epoch took: 02:45====
[2024-01-06 16:42:28,478][line: 72] ==> Running Validation...
[2024-01-06 16:42:31,395][line: 77] ==> ====Epoch:[20/100] avg_val_loss=0.44905 avg_val_acc=0.89981====
[2024-01-06 16:42:31,396][line: 78] ==> ====Validation epoch took: 02:48====
[2024-01-06 16:42:31,397][line: 79] ==> 
[2024-01-06 16:45:18,509][line: 70] ==> ====Epoch:[21/100] avg_train_loss=0.47078====
[2024-01-06 16:45:18,511][line: 71] ==> ====Training epoch took: 02:47====
[2024-01-06 16:45:18,513][line: 72] ==> Running Validation...
[2024-01-06 16:45:21,409][line: 77] ==> ====Epoch:[21/100] avg_val_loss=0.44911 avg_val_acc=0.89981====
[2024-01-06 16:45:21,410][line: 78] ==> ====Validation epoch took: 02:50====
[2024-01-06 16:45:21,412][line: 79] ==> 
[2024-01-06 16:48:08,193][line: 70] ==> ====Epoch:[22/100] avg_train_loss=0.47114====
[2024-01-06 16:48:08,196][line: 71] ==> ====Training epoch took: 02:46====
[2024-01-06 16:48:08,198][line: 72] ==> Running Validation...
[2024-01-06 16:48:11,081][line: 77] ==> ====Epoch:[22/100] avg_val_loss=0.44440 avg_val_acc=0.89981====
[2024-01-06 16:48:11,082][line: 78] ==> ====Validation epoch took: 02:49====
[2024-01-06 16:48:11,083][line: 79] ==> 
