[2024-01-09 14:43:23,697][line: 147] ==> creating ./cache/logs/2024-01-09-14-43.log
[2024-01-09 14:43:23,698][line: 42] ==>    Train batch size = 16
[2024-01-09 14:43:23,700][line: 43] ==>    Total steps = 3000
[2024-01-09 14:43:23,702][line: 44] ==>    Training Start!
[2024-01-09 14:44:28,644][line: 71] ==> ====Epoch:[1/4] avg_train_loss=0.13207====
[2024-01-09 14:44:28,646][line: 72] ==> ====Training epoch took: 01:04====
[2024-01-09 14:44:28,647][line: 73] ==> Running Validation...
[2024-01-09 14:44:30,814][line: 78] ==> ====Epoch:[1/4] avg_val_loss=0.02480 avg_val_acc=0.99519====
[2024-01-09 14:44:30,817][line: 79] ==> ====Validation epoch took: 01:07====
[2024-01-09 14:44:30,818][line: 80] ==> 
[2024-01-09 14:45:35,974][line: 71] ==> ====Epoch:[2/4] avg_train_loss=0.05432====
[2024-01-09 14:45:35,977][line: 72] ==> ====Training epoch took: 01:05====
[2024-01-09 14:45:35,978][line: 73] ==> Running Validation...
[2024-01-09 14:45:38,131][line: 78] ==> ====Epoch:[2/4] avg_val_loss=0.01983 avg_val_acc=0.99519====
[2024-01-09 14:45:38,132][line: 79] ==> ====Validation epoch took: 01:07====
[2024-01-09 14:45:38,133][line: 80] ==> 
[2024-01-09 14:46:42,741][line: 71] ==> ====Epoch:[3/4] avg_train_loss=0.03213====
[2024-01-09 14:46:42,745][line: 72] ==> ====Training epoch took: 01:04====
[2024-01-09 14:46:42,746][line: 73] ==> Running Validation...
[2024-01-09 14:46:44,900][line: 78] ==> ====Epoch:[3/4] avg_val_loss=0.00914 avg_val_acc=0.99712====
[2024-01-09 14:46:44,901][line: 79] ==> ====Validation epoch took: 01:06====
[2024-01-09 14:46:44,903][line: 80] ==> 
[2024-01-09 14:47:50,284][line: 71] ==> ====Epoch:[4/4] avg_train_loss=0.01685====
[2024-01-09 14:47:50,287][line: 72] ==> ====Training epoch took: 01:05====
[2024-01-09 14:47:50,288][line: 73] ==> Running Validation...
[2024-01-09 14:47:52,454][line: 78] ==> ====Epoch:[4/4] avg_val_loss=0.00980 avg_val_acc=0.99615====
[2024-01-09 14:47:52,456][line: 79] ==> ====Validation epoch took: 01:07====
[2024-01-09 14:47:52,458][line: 80] ==> 
[2024-01-09 14:47:53,083][line: 85] ==> 
[2024-01-09 14:47:53,084][line: 86] ==>    Training Completed!
