[2024-01-09 11:12:25,783][line: 147] ==> creating ./cache/logs/2024-01-09-11-12.log
[2024-01-09 11:12:25,787][line: 42] ==>    Train batch size = 16
[2024-01-09 11:12:25,789][line: 43] ==>    Total steps = 3000
[2024-01-09 11:12:25,792][line: 44] ==>    Training Start!
[2024-01-09 11:13:30,005][line: 71] ==> ====Epoch:[1/4] avg_train_loss=0.10808====
[2024-01-09 11:13:30,010][line: 72] ==> ====Training epoch took: 01:04====
[2024-01-09 11:13:30,013][line: 73] ==> Running Validation...
[2024-01-09 11:13:32,168][line: 78] ==> ====Epoch:[1/4] avg_val_loss=0.03159 avg_val_acc=0.99135====
[2024-01-09 11:13:32,172][line: 79] ==> ====Validation epoch took: 01:06====
[2024-01-09 11:13:32,175][line: 80] ==> 
[2024-01-09 11:14:36,867][line: 71] ==> ====Epoch:[2/4] avg_train_loss=0.05045====
[2024-01-09 11:14:36,873][line: 72] ==> ====Training epoch took: 01:04====
[2024-01-09 11:14:36,876][line: 73] ==> Running Validation...
[2024-01-09 11:14:38,898][line: 78] ==> ====Epoch:[2/4] avg_val_loss=0.01695 avg_val_acc=0.99615====
[2024-01-09 11:14:38,903][line: 79] ==> ====Validation epoch took: 01:06====
[2024-01-09 11:14:38,906][line: 80] ==> 
[2024-01-09 11:15:43,982][line: 71] ==> ====Epoch:[3/4] avg_train_loss=0.02623====
[2024-01-09 11:15:43,986][line: 72] ==> ====Training epoch took: 01:05====
[2024-01-09 11:15:43,988][line: 73] ==> Running Validation...
[2024-01-09 11:15:46,155][line: 78] ==> ====Epoch:[3/4] avg_val_loss=0.00520 avg_val_acc=0.99808====
[2024-01-09 11:15:46,158][line: 79] ==> ====Validation epoch took: 01:07====
[2024-01-09 11:15:46,161][line: 80] ==> 
[2024-01-09 11:16:51,486][line: 71] ==> ====Epoch:[4/4] avg_train_loss=0.01425====
[2024-01-09 11:16:51,490][line: 72] ==> ====Training epoch took: 01:05====
[2024-01-09 11:16:51,492][line: 73] ==> Running Validation...
[2024-01-09 11:16:53,682][line: 78] ==> ====Epoch:[4/4] avg_val_loss=0.00469 avg_val_acc=0.99808====
[2024-01-09 11:16:53,686][line: 79] ==> ====Validation epoch took: 01:07====
[2024-01-09 11:16:53,690][line: 80] ==> 
[2024-01-09 11:16:54,363][line: 85] ==> 
[2024-01-09 11:16:54,367][line: 86] ==>    Training Completed!
