[2024-01-09 10:31:57,964][line: 147] ==> creating ./cache/logs/2024-01-09-10-31.log
[2024-01-09 10:31:57,966][line: 42] ==>    Train batch size = 16
[2024-01-09 10:31:57,967][line: 43] ==>    Total steps = 3000
[2024-01-09 10:31:57,968][line: 44] ==>    Training Start!
[2024-01-09 10:33:05,284][line: 71] ==> ====Epoch:[1/4] avg_train_loss=0.10339====
[2024-01-09 10:33:05,288][line: 72] ==> ====Training epoch took: 01:07====
[2024-01-09 10:33:05,289][line: 73] ==> Running Validation...
[2024-01-09 10:33:07,439][line: 78] ==> ====Epoch:[1/4] avg_val_loss=0.02800 avg_val_acc=0.99327====
[2024-01-09 10:33:07,441][line: 79] ==> ====Validation epoch took: 01:09====
[2024-01-09 10:33:07,443][line: 80] ==> 
[2024-01-09 10:34:11,396][line: 71] ==> ====Epoch:[2/4] avg_train_loss=0.05097====
[2024-01-09 10:34:11,401][line: 72] ==> ====Training epoch took: 01:03====
[2024-01-09 10:34:11,402][line: 73] ==> Running Validation...
[2024-01-09 10:34:13,562][line: 78] ==> ====Epoch:[2/4] avg_val_loss=0.01345 avg_val_acc=0.99712====
[2024-01-09 10:34:13,564][line: 79] ==> ====Validation epoch took: 01:06====
[2024-01-09 10:34:13,565][line: 80] ==> 
[2024-01-09 10:35:17,503][line: 71] ==> ====Epoch:[3/4] avg_train_loss=0.02767====
[2024-01-09 10:35:17,506][line: 72] ==> ====Training epoch took: 01:03====
[2024-01-09 10:35:17,508][line: 73] ==> Running Validation...
[2024-01-09 10:35:19,659][line: 78] ==> ====Epoch:[3/4] avg_val_loss=0.00978 avg_val_acc=0.99808====
[2024-01-09 10:35:19,660][line: 79] ==> ====Validation epoch took: 01:06====
[2024-01-09 10:35:19,662][line: 80] ==> 
[2024-01-09 10:36:23,571][line: 71] ==> ====Epoch:[4/4] avg_train_loss=0.01490====
[2024-01-09 10:36:23,574][line: 72] ==> ====Training epoch took: 01:03====
[2024-01-09 10:36:23,576][line: 73] ==> Running Validation...
[2024-01-09 10:36:25,732][line: 78] ==> ====Epoch:[4/4] avg_val_loss=0.00875 avg_val_acc=0.99808====
[2024-01-09 10:36:25,734][line: 79] ==> ====Validation epoch took: 01:06====
[2024-01-09 10:36:25,735][line: 80] ==> 
[2024-01-09 10:36:26,352][line: 85] ==> 
[2024-01-09 10:36:26,355][line: 86] ==>    Training Completed!
[2024-01-09 10:59:12,670][line: 147] ==> creating ./cache/logs/2024-01-09-10-59.log
[2024-01-09 10:59:12,672][line: 42] ==>    Train batch size = 16
[2024-01-09 10:59:12,674][line: 43] ==>    Total steps = 3000
[2024-01-09 10:59:12,676][line: 44] ==>    Training Start!
[2024-01-09 11:00:15,328][line: 71] ==> ====Epoch:[1/4] avg_train_loss=0.09903====
[2024-01-09 11:00:15,330][line: 72] ==> ====Training epoch took: 01:02====
[2024-01-09 11:00:15,332][line: 73] ==> Running Validation...
[2024-01-09 11:00:17,480][line: 78] ==> ====Epoch:[1/4] avg_val_loss=0.02345 avg_val_acc=0.99423====
[2024-01-09 11:00:17,484][line: 79] ==> ====Validation epoch took: 01:04====
[2024-01-09 11:00:17,486][line: 80] ==> 
[2024-01-09 11:01:21,239][line: 71] ==> ====Epoch:[2/4] avg_train_loss=0.04750====
[2024-01-09 11:01:21,244][line: 72] ==> ====Training epoch took: 01:03====
[2024-01-09 11:01:21,246][line: 73] ==> Running Validation...
[2024-01-09 11:01:23,397][line: 78] ==> ====Epoch:[2/4] avg_val_loss=0.01885 avg_val_acc=0.99519====
[2024-01-09 11:01:23,400][line: 79] ==> ====Validation epoch took: 01:05====
[2024-01-09 11:01:23,401][line: 80] ==> 
[2024-01-09 11:02:27,258][line: 71] ==> ====Epoch:[3/4] avg_train_loss=0.02859====
[2024-01-09 11:02:27,262][line: 72] ==> ====Training epoch took: 01:03====
[2024-01-09 11:02:27,264][line: 73] ==> Running Validation...
[2024-01-09 11:02:29,425][line: 78] ==> ====Epoch:[3/4] avg_val_loss=0.01124 avg_val_acc=0.99615====
[2024-01-09 11:02:29,427][line: 79] ==> ====Validation epoch took: 01:06====
[2024-01-09 11:02:29,429][line: 80] ==> 
[2024-01-09 11:03:33,301][line: 71] ==> ====Epoch:[4/4] avg_train_loss=0.01457====
[2024-01-09 11:03:33,306][line: 72] ==> ====Training epoch took: 01:03====
[2024-01-09 11:03:33,310][line: 73] ==> Running Validation...
[2024-01-09 11:03:35,465][line: 78] ==> ====Epoch:[4/4] avg_val_loss=0.00792 avg_val_acc=0.99712====
[2024-01-09 11:03:35,468][line: 79] ==> ====Validation epoch took: 01:06====
[2024-01-09 11:03:35,470][line: 80] ==> 
[2024-01-09 11:03:36,041][line: 85] ==> 
[2024-01-09 11:03:36,045][line: 86] ==>    Training Completed!
[2024-01-09 11:12:25,783][line: 147] ==> creating ./cache/logs/2024-01-09-11-12.log
[2024-01-09 11:12:25,787][line: 42] ==>    Train batch size = 16
[2024-01-09 11:12:25,789][line: 43] ==>    Total steps = 3000
[2024-01-09 11:12:25,792][line: 44] ==>    Training Start!
[2024-01-09 11:13:30,005][line: 71] ==> ====Epoch:[1/4] avg_train_loss=0.10808====
[2024-01-09 11:13:30,010][line: 72] ==> ====Training epoch took: 01:04====
[2024-01-09 11:13:30,013][line: 73] ==> Running Validation...
[2024-01-09 11:13:32,168][line: 78] ==> ====Epoch:[1/4] avg_val_loss=0.03159 avg_val_acc=0.99135====
[2024-01-09 11:13:32,172][line: 79] ==> ====Validation epoch took: 01:06====
[2024-01-09 11:13:32,175][line: 80] ==> 
[2024-01-09 11:14:36,867][line: 71] ==> ====Epoch:[2/4] avg_train_loss=0.05045====
[2024-01-09 11:14:36,873][line: 72] ==> ====Training epoch took: 01:04====
[2024-01-09 11:14:36,876][line: 73] ==> Running Validation...
[2024-01-09 11:14:38,898][line: 78] ==> ====Epoch:[2/4] avg_val_loss=0.01695 avg_val_acc=0.99615====
[2024-01-09 11:14:38,903][line: 79] ==> ====Validation epoch took: 01:06====
[2024-01-09 11:14:38,906][line: 80] ==> 
[2024-01-09 11:15:43,982][line: 71] ==> ====Epoch:[3/4] avg_train_loss=0.02623====
[2024-01-09 11:15:43,986][line: 72] ==> ====Training epoch took: 01:05====
[2024-01-09 11:15:43,988][line: 73] ==> Running Validation...
[2024-01-09 11:15:46,155][line: 78] ==> ====Epoch:[3/4] avg_val_loss=0.00520 avg_val_acc=0.99808====
[2024-01-09 11:15:46,158][line: 79] ==> ====Validation epoch took: 01:07====
[2024-01-09 11:15:46,161][line: 80] ==> 
[2024-01-09 11:16:51,486][line: 71] ==> ====Epoch:[4/4] avg_train_loss=0.01425====
[2024-01-09 11:16:51,490][line: 72] ==> ====Training epoch took: 01:05====
[2024-01-09 11:16:51,492][line: 73] ==> Running Validation...
[2024-01-09 11:16:53,682][line: 78] ==> ====Epoch:[4/4] avg_val_loss=0.00469 avg_val_acc=0.99808====
[2024-01-09 11:16:53,686][line: 79] ==> ====Validation epoch took: 01:07====
[2024-01-09 11:16:53,690][line: 80] ==> 
[2024-01-09 11:16:54,363][line: 85] ==> 
[2024-01-09 11:16:54,367][line: 86] ==>    Training Completed!
